#
# A fatal error has been detected by the Java Runtime Environment:
#
#  SIGSEGV (0xb) at pc=0x00007075655a614f, pid=232357, tid=232384
#
# JRE version: OpenJDK Runtime Environment Corretto-21.0.0.35.1 (21.0+35) (build 21+35-LTS)
# Java VM: OpenJDK 64-Bit Server VM Corretto-21.0.0.35.1 (21+35-LTS, mixed mode, sharing, tiered, compressed oops, compressed class ptrs, g1 gc, linux-amd64)
# Problematic frame:
# V  [libjvm.so+0xba614f]  PhaseIdealLoop::build_loop_late(VectorSet&, Node_List&, Node_Stack&)+0xcf
#
# Core dump will be written. Default location: Core dumps may be processed with "/usr/share/apport/apport -p%p -s%s -c%c -d%d -P%P -u%u -g%g -- %E" (or dumping to /home/uwe/idea/factcast/factcast-factus/core.232357)
#
# If you would like to submit a bug report, please visit:
#   https://github.com/corretto/corretto-21/issues/
#

---------------  S U M M A R Y ------------

Command Line: -javaagent:/home/uwe/.m2/repository/org/jacoco/org.jacoco.agent/0.8.12/org.jacoco.agent-0.8.12-runtime.jar=destfile=/home/uwe/idea/factcast/factcast-factus/target/jacoco/jacoco-unit-tests.exec,excludes=**/*Configuration.*:**/*Properties.*:**/org/factcast/example/**/*:**/org/factcast/example/*:**/org/factcast/grpc/api/gen/**:**/org/factcast/client/grpc/cli/**:**/org/factcast/store/test/**:**/*Application.*:**/*Exception.*:**/gen/*:**/generated/* -javaagent:/home/uwe/.m2/repository/org/mockito/mockito-core/5.14.2/mockito-core-5.14.2.jar /home/uwe/idea/factcast/factcast-factus/target/surefire/surefirebooter-20241218103400947_9.jar /home/uwe/idea/factcast/factcast-factus/target/surefire 2024-12-18T10-33-53_347-jvmRun1 surefire-20241218103400947_7tmp surefire_1-20241218103400947_8tmp

Host: 13th Gen Intel(R) Core(TM) i9-13900H, 20 cores, 62G, Ubuntu 24.04.1 LTS
Time: Wed Dec 18 10:34:02 2024 CET elapsed time: 1.564663 seconds (0d 0h 0m 1s)

---------------  T H R E A D  ---------------

Current thread (0x0000707460001d20):  JavaThread "C2 CompilerThread3" daemon [_thread_in_native, id=232384, stack(0x000070752a300000,0x000070752a400000) (1024K)]


Current CompileTask:
C2:   1564 4034       4       org.jacoco.agent.rt.internal_aeaf9ab.asm.SymbolTable::addTypeInternal (85 bytes)

Stack: [0x000070752a300000,0x000070752a400000],  sp=0x000070752a3fb498,  free space=1005k
Native frames: (J=compiled Java code, j=interpreted, Vv=VM code, C=native code)
V  [libjvm.so+0xba614f]  PhaseIdealLoop::build_loop_late(VectorSet&, Node_List&, Node_Stack&)+0xcf
V  [libjvm.so+0xba6aaf]  PhaseIdealLoop::build_and_optimize()+0x71f
V  [libjvm.so+0x67d5dd]  PhaseIdealLoop::optimize(PhaseIterGVN&, LoopOptsMode)+0x22d
V  [libjvm.so+0x67bb0e]  Compile::Optimize()+0x102e
V  [libjvm.so+0x67cbdb]  Compile::Compile(ciEnv*, ciMethod*, int, Options, DirectiveSet*)+0xfdb
V  [libjvm.so+0x59c437]  C2Compiler::compile_method(ciEnv*, ciMethod*, int, bool, DirectiveSet*)+0xf7
V  [libjvm.so+0x6827fd]  CompileBroker::invoke_compiler_on_method(CompileTask*)+0x7fd
V  [libjvm.so+0x686a88]  CompileBroker::compiler_thread_loop()+0x738
V  [libjvm.so+0x9191c7]  JavaThread::thread_main_inner() [clone .part.94]+0xa7
V  [libjvm.so+0xf7fdbf]  Thread::call_run()+0x9f
V  [libjvm.so+0xcea03a]  thread_native_entry(Thread*)+0xda
C  [libc.so.6+0x9ca94]

siginfo: si_signo: 11 (SIGSEGV), si_code: 128 (SI_KERNEL), si_addr: 0x0000000000000000

Registers:
RAX=0x0000707454564638, RBX=0x000070752a3fb570, RCX=0x000000000000059f, RDX=0x000070749c3f0cc8
RSP=0x000070752a3fb498, RBP=0x000070752a3fb500, RSI=0x000070745c44cf60, RDI=0x0000000080007b09
R8 =0x0000707454564568, R9 =0x00007074542e3410, R10=0x000000000000000b, R11=0x00007074545645e0
R12=0x000070752a3fb550, R13=0x000070752a3fb590, R14=0x0000000000000003, R15=0x000070752a3fb830
RIP=0x00007075655a614f, EFLAGS=0x0000000000010206, CSGSFS=0x002b000000000033, ERR=0x0000000000000000
  TRAPNO=0x000000000000000d


Register to memory mapping:

RAX=0x0000707454564638 points into unknown readable memory: 0x0000707454564568 | 68 45 56 54 74 70 00 00
RBX=0x000070752a3fb570 is pointing into the stack for thread: 0x0000707460001d20
RCX=0x000000000000059f is an unknown value
RDX=0x000070749c3f0cc8 points into unknown readable memory: 0x00007075660f0550 | 50 05 0f 66 75 70 00 00
RSP=0x000070752a3fb498 is pointing into the stack for thread: 0x0000707460001d20
RBP=0x000070752a3fb500 is pointing into the stack for thread: 0x0000707460001d20
RSI=0x000070745c44cf60 points into unknown readable memory: 0x00007074541bd670 | 70 d6 1b 54 74 70 00 00
RDI=0x0000000080007b09 is an unknown value
R8 =0x0000707454564568 points into unknown readable memory: 0x00007075660fe398 | 98 e3 0f 66 75 70 00 00
R9 =0x00007074542e3410 points into unknown readable memory: 0x0000707480291b90 | 90 1b 29 80 74 70 00 00
R10=0x000000000000000b is an unknown value
R11=0x00007074545645e0 points into unknown readable memory: 0x00007075660f0550 | 50 05 0f 66 75 70 00 00
R12=0x000070752a3fb550 is pointing into the stack for thread: 0x0000707460001d20
R13=0x000070752a3fb590 is pointing into the stack for thread: 0x0000707460001d20
R14=0x0000000000000003 is an unknown value
R15=0x000070752a3fb830 is pointing into the stack for thread: 0x0000707460001d20

Top of Stack: (sp=0x000070752a3fb498)
0x000070752a3fb498:   000070752a3fb590 000070752a3fb830
0x000070752a3fb4a8:   000070752a3fb898 000070748c2fb370
0x000070752a3fb4b8:   0000000b0000097c 0000707454564568
0x000070752a3fb4c8:   0000707454565298 000070752a3fb500
0x000070752a3fb4d8:   000070752a3fb550 000070752a3fb830
0x000070752a3fb4e8:   0000000000000001 0000000000000000
0x000070752a3fb4f8:   000070752a3fb590 000070752a3fb800
0x000070752a3fb508:   00007075655a6aaf 000070748c2fd290
0x000070752a3fb518:   0000707500000001 000070752a3fb570
0x000070752a3fb528:   00007075000009f7 0000707560005a20
0x000070752a3fb538:   0000707400000000 000070752a3fb650
0x000070752a3fb548:   000070756573a32d 0000707500000080
0x000070752a3fb558:   000070748c27dda0 0000000000000080
0x000070752a3fb568:   0000707460002470 000070748c27b1b0
0x000070752a3fb578:   000070748c27dd80 000070748c27b1c0
0x000070752a3fb588:   0000707460002470 0000707460002470
0x000070752a3fb598:   0000707500000200 00007074542e1c70
0x000070752a3fb5a8:   000070750000012f 0000707460002470
0x000070752a3fb5b8:   0000707500000004 000070747815d8d8
0x000070752a3fb5c8:   0000707500000000 000070748c2fd1d0
0x000070752a3fb5d8:   00007074612b4740 0000000000000000
0x000070752a3fb5e8:   0000000000000000 000070752a3fb650
0x000070752a3fb5f8:   00007075656a9643 000070752a3fb6c0
0x000070752a3fb608:   0000707565739295 0000000000000020
0x000070752a3fb618:   000070752a3fb6e0 000070752a3fb650
0x000070752a3fb628:   000070756506e31c 0000707460002470
0x000070752a3fb638:   000070752a3fbaf0 00007074500010a0
0x000070752a3fb648:   0000000000000013 000070752a3fb710
0x000070752a3fb658:   0000707565739295 000070752a3fb770
0x000070752a3fb668:   000070756573a32d 00007074541c5648
0x000070752a3fb678:   0000000000000010 00007074541bee60
0x000070752a3fb688:   00007074541bd660 000070752a3fb6c0 

Instructions: (pc=0x00007075655a614f)
0x00007075655a604f:   84 6d ff ff ff 31 d2 eb 86 4c 8b 65 c8 e9 3f fc
0x00007075655a605f:   ff ff 90 0f 1f 40 00 66 2e 0f 1f 84 00 00 00 00
0x00007075655a606f:   00 55 ba 01 00 00 00 48 89 e5 5d e9 f1 f9 ff ff
0x00007075655a607f:   90 55 48 8d 47 68 48 89 e5 41 57 41 56 41 55 41
0x00007075655a608f:   54 49 89 ff 53 49 89 f4 49 89 d5 48 89 cb 48 83
0x00007075655a609f:   ec 38 48 89 45 a8 0f 1f 00 41 8b 45 18 85 c0 0f
0x00007075655a60af:   84 a4 02 00 00 49 8b 55 10 83 e8 01 41 89 45 18
0x00007075655a60bf:   4c 8b 04 c2 41 8b 48 28 41 89 ce 41 c1 ee 05 45
0x00007075655a60cf:   3b 34 24 0f 83 38 02 00 00 ba 01 00 00 00 44 89
0x00007075655a60df:   f0 d3 e2 49 8b 4c 24 08 89 d6 48 8d 0c 81 8b 01
0x00007075655a60ef:   09 c6 85 c2 89 31 75 b1 45 8b 50 20 45 31 f6 66
0x00007075655a60ff:   90 45 39 f2 0f 86 ff 00 00 00 49 8b 40 10 44 89
0x00007075655a610f:   f1 41 83 c6 01 4c 8b 1c c8 41 8b 4b 28 41 3b 4f
0x00007075655a611f:   20 0f 83 1a 01 00 00 49 8b 77 28 89 c8 48 83 3c
0x00007075655a612f:   c6 00 0f 84 09 01 00 00 49 8b 43 08 48 83 38 00
0x00007075655a613f:   74 3d 49 8b 03 44 89 55 bc 4c 89 df 4c 89 45 c0
0x00007075655a614f:   4c 89 5d c8 ff 50 10 4c 8b 5d c8 84 c0 4c 8b 45
0x00007075655a615f:   c0 44 8b 55 bc 41 8b 4b 28 0f 85 32 01 00 00 41
0x00007075655a616f:   8b 43 2c 83 e0 0f 83 f8 0c 0f 84 22 01 00 00 89
0x00007075655a617f:   c8 c1 e8 05 41 3b 04 24 72 2e 89 c6 4c 89 e7 89
0x00007075655a618f:   4d b8 4c 89 5d b0 44 89 55 bc 4c 89 45 c0 89 45
0x00007075655a619f:   c8 e8 4b 68 43 00 8b 45 c8 8b 4d b8 4c 8b 5d b0
0x00007075655a61af:   44 8b 55 bc 4c 8b 45 c0 49 8b 74 24 08 ba 01 00
0x00007075655a61bf:   00 00 d3 e2 89 d7 48 8d 34 86 8b 06 09 c7 85 c2
0x00007075655a61cf:   89 3e 0f 85 29 ff ff ff 48 8b 03 48 83 c0 10 48
0x00007075655a61df:   3b 43 08 48 89 03 0f 83 85 01 00 00 4c 89 00 44
0x00007075655a61ef:   89 70 08 45 31 f6 45 8b 53 20 4d 89 d8 45 39 f2
0x00007075655a61ff:   0f 87 04 ff ff ff 0f 1f 00 ba 01 00 00 00 4c 89
0x00007075655a620f:   c6 4c 89 ff e8 58 f8 ff ff 48 8b 03 48 3b 43 10
0x00007075655a621f:   0f 82 83 fe ff ff 4c 8b 00 44 8b 70 08 48 83 e8
0x00007075655a622f:   10 45 8b 50 20 48 89 03 e9 c4 fe ff ff 0f 1f 40
0x00007075655a623f:   00 49 83 7b 10 00 0f 84 ec fe ff ff 41 8b 87 80 


Stack slot to memory mapping:

stack at sp + 0 slots: 0x000070752a3fb590 is pointing into the stack for thread: 0x0000707460001d20
stack at sp + 1 slots: 0x000070752a3fb830 is pointing into the stack for thread: 0x0000707460001d20
stack at sp + 2 slots: 0x000070752a3fb898 is pointing into the stack for thread: 0x0000707460001d20
stack at sp + 3 slots: 0x000070748c2fb370 points into unknown readable memory: 0x00007075660ef828 | 28 f8 0e 66 75 70 00 00
stack at sp + 4 slots: 0x0000000b0000097c is an unknown value
stack at sp + 5 slots: 0x0000707454564568 points into unknown readable memory: 0x00007075660fe398 | 98 e3 0f 66 75 70 00 00
stack at sp + 6 slots: 0x0000707454565298 points into unknown readable memory: 0x00007075660fa180 | 80 a1 0f 66 75 70 00 00
stack at sp + 7 slots: 0x000070752a3fb500 is pointing into the stack for thread: 0x0000707460001d20


---------------  P R O C E S S  ---------------

Threads class SMR info:
_java_thread_list=0x000070745c002f80, length=20, elements={
0x000070756002b7b0, 0x000070756014df70, 0x000070756014f5c0, 0x00007075601510a0,
0x00007075601526e0, 0x0000707560153c80, 0x0000707560155840, 0x0000707560156f00,
0x0000707560170c70, 0x0000707498056440, 0x000070748c0011d0, 0x000070748c0024a0,
0x000070748404b490, 0x00007075604ce770, 0x00007075605c3770, 0x00007075605d9830,
0x000070749c0b9040, 0x0000707460001d20, 0x00007074840a4bd0, 0x000070745c001e10
}

Java Threads: ( => current thread )
  0x000070756002b7b0 JavaThread "main"                              [_thread_in_Java, id=232360, stack(0x0000707566ae1000,0x0000707566be1000) (1024K)]
  0x000070756014df70 JavaThread "Reference Handler"          daemon [_thread_blocked, id=232368, stack(0x00007075307ed000,0x00007075308ed000) (1024K)]
  0x000070756014f5c0 JavaThread "Finalizer"                  daemon [_thread_blocked, id=232369, stack(0x00007075306ed000,0x00007075307ed000) (1024K)]
  0x00007075601510a0 JavaThread "Signal Dispatcher"          daemon [_thread_blocked, id=232370, stack(0x00007075305ed000,0x00007075306ed000) (1024K)]
  0x00007075601526e0 JavaThread "Service Thread"             daemon [_thread_blocked, id=232371, stack(0x00007075304ed000,0x00007075305ed000) (1024K)]
  0x0000707560153c80 JavaThread "Monitor Deflation Thread"   daemon [_thread_blocked, id=232372, stack(0x00007075303ed000,0x00007075304ed000) (1024K)]
  0x0000707560155840 JavaThread "C2 CompilerThread0"         daemon [_thread_blocked, id=232373, stack(0x00007075302ed000,0x00007075303ed000) (1024K)]
  0x0000707560156f00 JavaThread "C1 CompilerThread0"         daemon [_thread_blocked, id=232374, stack(0x00007075301ed000,0x00007075302ed000) (1024K)]
  0x0000707560170c70 JavaThread "Common-Cleaner"             daemon [_thread_blocked, id=232375, stack(0x00007075300ed000,0x00007075301ed000) (1024K)]
  0x0000707498056440 JavaThread "C1 CompilerThread1"         daemon [_thread_blocked, id=232376, stack(0x000070752b100000,0x000070752b200000) (1024K)]
  0x000070748c0011d0 JavaThread "C1 CompilerThread2"         daemon [_thread_blocked, id=232377, stack(0x000070752b000000,0x000070752b100000) (1024K)]
  0x000070748c0024a0 JavaThread "C1 CompilerThread3"         daemon [_thread_in_native, id=232378, stack(0x000070752af00000,0x000070752b000000) (1024K)]
  0x000070748404b490 JavaThread "C2 CompilerThread1"         daemon [_thread_in_native, id=232379, stack(0x000070752ab00000,0x000070752ac00000) (1024K)]
  0x00007075604ce770 JavaThread "Notification Thread"        daemon [_thread_blocked, id=232380, stack(0x000070752aa00000,0x000070752ab00000) (1024K)]
  0x00007075605c3770 JavaThread "surefire-forkedjvm-stream-flusher" daemon [_thread_blocked, id=232381, stack(0x000070752a900000,0x000070752aa00000) (1024K)]
  0x00007075605d9830 JavaThread "surefire-forkedjvm-command-thread" daemon [_thread_in_native, id=232382, stack(0x000070752a500000,0x000070752a600000) (1024K)]
  0x000070749c0b9040 JavaThread "C2 CompilerThread2"         daemon [_thread_blocked, id=232383, stack(0x000070752a400000,0x000070752a500000) (1024K)]
=>0x0000707460001d20 JavaThread "C2 CompilerThread3"         daemon [_thread_in_native, id=232384, stack(0x000070752a300000,0x000070752a400000) (1024K)]
  0x00007074840a4bd0 JavaThread "C2 CompilerThread4"         daemon [_thread_blocked, id=232385, stack(0x0000707529f00000,0x000070752a000000) (1024K)]
  0x000070745c001e10 JavaThread "C2 CompilerThread5"         daemon [_thread_blocked, id=232386, stack(0x0000707529e00000,0x0000707529f00000) (1024K)]
Total: 20

Other Threads:
  0x0000707560140c30 VMThread "VM Thread"                           [id=232367, stack(0x00007075308ee000,0x00007075309ee000) (1024K)]
  0x0000707560126210 WatcherThread "VM Periodic Task Thread"        [id=232366, stack(0x00007075309ef000,0x0000707530aef000) (1024K)]
  0x00007075600582e0 WorkerThread "GC Thread#0"                     [id=232361, stack(0x0000707533f00000,0x0000707534000000) (1024K)]
  0x00007074c00098e0 WorkerThread "GC Thread#1"                     [id=232387, stack(0x0000707529d00000,0x0000707529e00000) (1024K)]
  0x00007074c000a2c0 WorkerThread "GC Thread#2"                     [id=232388, stack(0x0000707529900000,0x0000707529a00000) (1024K)]
  0x00007074c000aca0 WorkerThread "GC Thread#3"                     [id=232389, stack(0x00007075297ff000,0x00007075298ff000) (1024K)]
  0x00007074c000b680 WorkerThread "GC Thread#4"                     [id=232390, stack(0x00007075296fe000,0x00007075297fe000) (1024K)]
  0x00007074c000c060 WorkerThread "GC Thread#5"                     [id=232391, stack(0x0000707529300000,0x0000707529400000) (1024K)]
  0x00007074c000ca70 WorkerThread "GC Thread#6"                     [id=232392, stack(0x00007075291ff000,0x00007075292ff000) (1024K)]
  0x00007074c000d480 WorkerThread "GC Thread#7"                     [id=232393, stack(0x00007075290fe000,0x00007075291fe000) (1024K)]
  0x00007074c000df90 WorkerThread "GC Thread#8"                     [id=232394, stack(0x0000707528d00000,0x0000707528e00000) (1024K)]
  0x00007074c000eaa0 WorkerThread "GC Thread#9"                     [id=232395, stack(0x0000707528bff000,0x0000707528cff000) (1024K)]
  0x00007074c000f5b0 WorkerThread "GC Thread#10"                    [id=232396, stack(0x0000707528afe000,0x0000707528bfe000) (1024K)]
  0x00007074c0010100 WorkerThread "GC Thread#11"                    [id=232397, stack(0x0000707528700000,0x0000707528800000) (1024K)]
  0x00007074c0010c50 WorkerThread "GC Thread#12"                    [id=232398, stack(0x00007075285ff000,0x00007075286ff000) (1024K)]
  0x00007074c00117a0 WorkerThread "GC Thread#13"                    [id=232399, stack(0x00007075284fe000,0x00007075285fe000) (1024K)]
  0x00007074c00122f0 WorkerThread "GC Thread#14"                    [id=232400, stack(0x00007075283fd000,0x00007075284fd000) (1024K)]
  0x00007075600691f0 ConcurrentGCThread "G1 Main Marker"            [id=232362, stack(0x0000707533dff000,0x0000707533eff000) (1024K)]
  0x000070756006a1c0 WorkerThread "G1 Conc#0"                       [id=232363, stack(0x0000707533cfe000,0x0000707533dfe000) (1024K)]
  0x0000707560113d40 ConcurrentGCThread "G1 Refine#0"               [id=232364, stack(0x0000707530bf1000,0x0000707530cf1000) (1024K)]
  0x0000707560114cf0 ConcurrentGCThread "G1 Service"                [id=232365, stack(0x0000707530af0000,0x0000707530bf0000) (1024K)]
Total: 21

Threads with active compile tasks:
C1 CompilerThread3     1567 4036       3       org.junit.platform.engine.support.hierarchical.ThrowableCollector::$jacocoInit (52 bytes)
C2 CompilerThread1     1567 4035       4       java.util.HashMap::putVal (300 bytes)
C2 CompilerThread3     1567 4034       4       org.jacoco.agent.rt.internal_aeaf9ab.asm.SymbolTable::addTypeInternal (85 bytes)
Total: 3

VM state: not at safepoint (normal execution)

VM Mutex/Monitor currently owned by a thread: None

Heap address: 0x0000000418800000, size: 15992 MB, Compressed Oops mode: Zero based, Oop shift amount: 3

CDS archive(s) mapped at: [0x00007074d3000000-0x00007074d3ca8000-0x00007074d3ca8000), size 13271040, SharedBaseAddress: 0x00007074d3000000, ArchiveRelocationMode: 1.
Compressed class space mapped at: 0x00007074d4000000-0x0000707514000000, reserved size: 1073741824
Narrow klass base: 0x00007074d3000000, Narrow klass shift: 0, Narrow klass range: 0x100000000

GC Precious Log:
 CardTable entry size: 512
 Card Set container configuration: InlinePtr #cards 4 size 8 Array Of Cards #cards 64 size 144 Howl #buckets 8 coarsen threshold 14745 Howl Bitmap #cards 2048 size 272 coarsen threshold 1843 Card regions per heap region 1 cards per card region 16384
 CPUs: 20 total, 20 available
 Memory: 63955M
 Large Page Support: Disabled
 NUMA Support: Disabled
 Compressed Oops: Enabled (Zero based)
 Heap Region Size: 8M
 Heap Min Capacity: 8M
 Heap Initial Capacity: 1000M
 Heap Max Capacity: 15992M
 Pre-touch: Disabled
 Parallel Workers: 15
 Concurrent Workers: 4
 Concurrent Refinement Workers: 15
 Periodic GC: Disabled

Heap:
 garbage-first heap   total 1032192K, used 131038K [0x0000000418800000, 0x0000000800000000)
  region size 8192K, 17 young (139264K), 1 survivors (8192K)
 Metaspace       used 21009K, committed 21376K, reserved 1114112K
  class space    used 2719K, committed 2880K, reserved 1048576K

Heap Regions: E=young(eden), S=young(survivor), O=old, HS=humongous(starts), HC=humongous(continues), CS=collection set, F=free, TAMS=top-at-mark-start, PB=parsable bottom
|   0|0x0000000418800000, 0x0000000418c66628, 0x0000000419000000| 54%| O|  |TAMS 0x0000000418800000| PB 0x0000000418800000| Untracked 
|   1|0x0000000419000000, 0x0000000419000000, 0x0000000419800000|  0%| F|  |TAMS 0x0000000419000000| PB 0x0000000419000000| Untracked 
|   2|0x0000000419800000, 0x0000000419800000, 0x000000041a000000|  0%| F|  |TAMS 0x0000000419800000| PB 0x0000000419800000| Untracked 
|   3|0x000000041a000000, 0x000000041a000000, 0x000000041a800000|  0%| F|  |TAMS 0x000000041a000000| PB 0x000000041a000000| Untracked 
|   4|0x000000041a800000, 0x000000041a800000, 0x000000041b000000|  0%| F|  |TAMS 0x000000041a800000| PB 0x000000041a800000| Untracked 
|   5|0x000000041b000000, 0x000000041b000000, 0x000000041b800000|  0%| F|  |TAMS 0x000000041b000000| PB 0x000000041b000000| Untracked 
|   6|0x000000041b800000, 0x000000041b800000, 0x000000041c000000|  0%| F|  |TAMS 0x000000041b800000| PB 0x000000041b800000| Untracked 
|   7|0x000000041c000000, 0x000000041c000000, 0x000000041c800000|  0%| F|  |TAMS 0x000000041c000000| PB 0x000000041c000000| Untracked 
|   8|0x000000041c800000, 0x000000041c800000, 0x000000041d000000|  0%| F|  |TAMS 0x000000041c800000| PB 0x000000041c800000| Untracked 
|   9|0x000000041d000000, 0x000000041d000000, 0x000000041d800000|  0%| F|  |TAMS 0x000000041d000000| PB 0x000000041d000000| Untracked 
|  10|0x000000041d800000, 0x000000041d800000, 0x000000041e000000|  0%| F|  |TAMS 0x000000041d800000| PB 0x000000041d800000| Untracked 
|  11|0x000000041e000000, 0x000000041e000000, 0x000000041e800000|  0%| F|  |TAMS 0x000000041e000000| PB 0x000000041e000000| Untracked 
|  12|0x000000041e800000, 0x000000041e800000, 0x000000041f000000|  0%| F|  |TAMS 0x000000041e800000| PB 0x000000041e800000| Untracked 
|  13|0x000000041f000000, 0x000000041f000000, 0x000000041f800000|  0%| F|  |TAMS 0x000000041f000000| PB 0x000000041f000000| Untracked 
|  14|0x000000041f800000, 0x000000041f800000, 0x0000000420000000|  0%| F|  |TAMS 0x000000041f800000| PB 0x000000041f800000| Untracked 
|  15|0x0000000420000000, 0x0000000420000000, 0x0000000420800000|  0%| F|  |TAMS 0x0000000420000000| PB 0x0000000420000000| Untracked 
|  16|0x0000000420800000, 0x0000000420800000, 0x0000000421000000|  0%| F|  |TAMS 0x0000000420800000| PB 0x0000000420800000| Untracked 
|  17|0x0000000421000000, 0x0000000421000000, 0x0000000421800000|  0%| F|  |TAMS 0x0000000421000000| PB 0x0000000421000000| Untracked 
|  18|0x0000000421800000, 0x0000000421800000, 0x0000000422000000|  0%| F|  |TAMS 0x0000000421800000| PB 0x0000000421800000| Untracked 
|  19|0x0000000422000000, 0x0000000422000000, 0x0000000422800000|  0%| F|  |TAMS 0x0000000422000000| PB 0x0000000422000000| Untracked 
|  20|0x0000000422800000, 0x0000000422800000, 0x0000000423000000|  0%| F|  |TAMS 0x0000000422800000| PB 0x0000000422800000| Untracked 
|  21|0x0000000423000000, 0x0000000423000000, 0x0000000423800000|  0%| F|  |TAMS 0x0000000423000000| PB 0x0000000423000000| Untracked 
|  22|0x0000000423800000, 0x0000000423800000, 0x0000000424000000|  0%| F|  |TAMS 0x0000000423800000| PB 0x0000000423800000| Untracked 
|  23|0x0000000424000000, 0x0000000424000000, 0x0000000424800000|  0%| F|  |TAMS 0x0000000424000000| PB 0x0000000424000000| Untracked 
|  24|0x0000000424800000, 0x0000000424800000, 0x0000000425000000|  0%| F|  |TAMS 0x0000000424800000| PB 0x0000000424800000| Untracked 
|  25|0x0000000425000000, 0x0000000425000000, 0x0000000425800000|  0%| F|  |TAMS 0x0000000425000000| PB 0x0000000425000000| Untracked 
|  26|0x0000000425800000, 0x0000000425800000, 0x0000000426000000|  0%| F|  |TAMS 0x0000000425800000| PB 0x0000000425800000| Untracked 
|  27|0x0000000426000000, 0x0000000426000000, 0x0000000426800000|  0%| F|  |TAMS 0x0000000426000000| PB 0x0000000426000000| Untracked 
|  28|0x0000000426800000, 0x0000000426800000, 0x0000000427000000|  0%| F|  |TAMS 0x0000000426800000| PB 0x0000000426800000| Untracked 
|  29|0x0000000427000000, 0x0000000427000000, 0x0000000427800000|  0%| F|  |TAMS 0x0000000427000000| PB 0x0000000427000000| Untracked 
|  30|0x0000000427800000, 0x0000000427800000, 0x0000000428000000|  0%| F|  |TAMS 0x0000000427800000| PB 0x0000000427800000| Untracked 
|  31|0x0000000428000000, 0x0000000428000000, 0x0000000428800000|  0%| F|  |TAMS 0x0000000428000000| PB 0x0000000428000000| Untracked 
|  32|0x0000000428800000, 0x0000000428800000, 0x0000000429000000|  0%| F|  |TAMS 0x0000000428800000| PB 0x0000000428800000| Untracked 
|  33|0x0000000429000000, 0x0000000429000000, 0x0000000429800000|  0%| F|  |TAMS 0x0000000429000000| PB 0x0000000429000000| Untracked 
|  34|0x0000000429800000, 0x0000000429800000, 0x000000042a000000|  0%| F|  |TAMS 0x0000000429800000| PB 0x0000000429800000| Untracked 
|  35|0x000000042a000000, 0x000000042a000000, 0x000000042a800000|  0%| F|  |TAMS 0x000000042a000000| PB 0x000000042a000000| Untracked 
|  36|0x000000042a800000, 0x000000042a800000, 0x000000042b000000|  0%| F|  |TAMS 0x000000042a800000| PB 0x000000042a800000| Untracked 
|  37|0x000000042b000000, 0x000000042b000000, 0x000000042b800000|  0%| F|  |TAMS 0x000000042b000000| PB 0x000000042b000000| Untracked 
|  38|0x000000042b800000, 0x000000042b800000, 0x000000042c000000|  0%| F|  |TAMS 0x000000042b800000| PB 0x000000042b800000| Untracked 
|  39|0x000000042c000000, 0x000000042c000000, 0x000000042c800000|  0%| F|  |TAMS 0x000000042c000000| PB 0x000000042c000000| Untracked 
|  40|0x000000042c800000, 0x000000042c800000, 0x000000042d000000|  0%| F|  |TAMS 0x000000042c800000| PB 0x000000042c800000| Untracked 
|  41|0x000000042d000000, 0x000000042d000000, 0x000000042d800000|  0%| F|  |TAMS 0x000000042d000000| PB 0x000000042d000000| Untracked 
|  42|0x000000042d800000, 0x000000042d800000, 0x000000042e000000|  0%| F|  |TAMS 0x000000042d800000| PB 0x000000042d800000| Untracked 
|  43|0x000000042e000000, 0x000000042e000000, 0x000000042e800000|  0%| F|  |TAMS 0x000000042e000000| PB 0x000000042e000000| Untracked 
|  44|0x000000042e800000, 0x000000042e800000, 0x000000042f000000|  0%| F|  |TAMS 0x000000042e800000| PB 0x000000042e800000| Untracked 
|  45|0x000000042f000000, 0x000000042f000000, 0x000000042f800000|  0%| F|  |TAMS 0x000000042f000000| PB 0x000000042f000000| Untracked 
|  46|0x000000042f800000, 0x000000042f800000, 0x0000000430000000|  0%| F|  |TAMS 0x000000042f800000| PB 0x000000042f800000| Untracked 
|  47|0x0000000430000000, 0x0000000430000000, 0x0000000430800000|  0%| F|  |TAMS 0x0000000430000000| PB 0x0000000430000000| Untracked 
|  48|0x0000000430800000, 0x0000000430800000, 0x0000000431000000|  0%| F|  |TAMS 0x0000000430800000| PB 0x0000000430800000| Untracked 
|  49|0x0000000431000000, 0x0000000431000000, 0x0000000431800000|  0%| F|  |TAMS 0x0000000431000000| PB 0x0000000431000000| Untracked 
|  50|0x0000000431800000, 0x0000000431800000, 0x0000000432000000|  0%| F|  |TAMS 0x0000000431800000| PB 0x0000000431800000| Untracked 
|  51|0x0000000432000000, 0x0000000432000000, 0x0000000432800000|  0%| F|  |TAMS 0x0000000432000000| PB 0x0000000432000000| Untracked 
|  52|0x0000000432800000, 0x0000000432800000, 0x0000000433000000|  0%| F|  |TAMS 0x0000000432800000| PB 0x0000000432800000| Untracked 
|  53|0x0000000433000000, 0x0000000433000000, 0x0000000433800000|  0%| F|  |TAMS 0x0000000433000000| PB 0x0000000433000000| Untracked 
|  54|0x0000000433800000, 0x0000000433800000, 0x0000000434000000|  0%| F|  |TAMS 0x0000000433800000| PB 0x0000000433800000| Untracked 
|  55|0x0000000434000000, 0x0000000434000000, 0x0000000434800000|  0%| F|  |TAMS 0x0000000434000000| PB 0x0000000434000000| Untracked 
|  56|0x0000000434800000, 0x0000000434800000, 0x0000000435000000|  0%| F|  |TAMS 0x0000000434800000| PB 0x0000000434800000| Untracked 
|  57|0x0000000435000000, 0x0000000435000000, 0x0000000435800000|  0%| F|  |TAMS 0x0000000435000000| PB 0x0000000435000000| Untracked 
|  58|0x0000000435800000, 0x0000000435800000, 0x0000000436000000|  0%| F|  |TAMS 0x0000000435800000| PB 0x0000000435800000| Untracked 
|  59|0x0000000436000000, 0x0000000436000000, 0x0000000436800000|  0%| F|  |TAMS 0x0000000436000000| PB 0x0000000436000000| Untracked 
|  60|0x0000000436800000, 0x0000000436800000, 0x0000000437000000|  0%| F|  |TAMS 0x0000000436800000| PB 0x0000000436800000| Untracked 
|  61|0x0000000437000000, 0x0000000437000000, 0x0000000437800000|  0%| F|  |TAMS 0x0000000437000000| PB 0x0000000437000000| Untracked 
|  62|0x0000000437800000, 0x0000000437800000, 0x0000000438000000|  0%| F|  |TAMS 0x0000000437800000| PB 0x0000000437800000| Untracked 
|  63|0x0000000438000000, 0x0000000438000000, 0x0000000438800000|  0%| F|  |TAMS 0x0000000438000000| PB 0x0000000438000000| Untracked 
|  64|0x0000000438800000, 0x0000000438800000, 0x0000000439000000|  0%| F|  |TAMS 0x0000000438800000| PB 0x0000000438800000| Untracked 
|  65|0x0000000439000000, 0x0000000439000000, 0x0000000439800000|  0%| F|  |TAMS 0x0000000439000000| PB 0x0000000439000000| Untracked 
|  66|0x0000000439800000, 0x0000000439800000, 0x000000043a000000|  0%| F|  |TAMS 0x0000000439800000| PB 0x0000000439800000| Untracked 
|  67|0x000000043a000000, 0x000000043a000000, 0x000000043a800000|  0%| F|  |TAMS 0x000000043a000000| PB 0x000000043a000000| Untracked 
|  68|0x000000043a800000, 0x000000043a800000, 0x000000043b000000|  0%| F|  |TAMS 0x000000043a800000| PB 0x000000043a800000| Untracked 
|  69|0x000000043b000000, 0x000000043b000000, 0x000000043b800000|  0%| F|  |TAMS 0x000000043b000000| PB 0x000000043b000000| Untracked 
|  70|0x000000043b800000, 0x000000043b800000, 0x000000043c000000|  0%| F|  |TAMS 0x000000043b800000| PB 0x000000043b800000| Untracked 
|  71|0x000000043c000000, 0x000000043c000000, 0x000000043c800000|  0%| F|  |TAMS 0x000000043c000000| PB 0x000000043c000000| Untracked 
|  72|0x000000043c800000, 0x000000043c800000, 0x000000043d000000|  0%| F|  |TAMS 0x000000043c800000| PB 0x000000043c800000| Untracked 
|  73|0x000000043d000000, 0x000000043d000000, 0x000000043d800000|  0%| F|  |TAMS 0x000000043d000000| PB 0x000000043d000000| Untracked 
|  74|0x000000043d800000, 0x000000043d800000, 0x000000043e000000|  0%| F|  |TAMS 0x000000043d800000| PB 0x000000043d800000| Untracked 
|  75|0x000000043e000000, 0x000000043e000000, 0x000000043e800000|  0%| F|  |TAMS 0x000000043e000000| PB 0x000000043e000000| Untracked 
|  76|0x000000043e800000, 0x000000043e800000, 0x000000043f000000|  0%| F|  |TAMS 0x000000043e800000| PB 0x000000043e800000| Untracked 
|  77|0x000000043f000000, 0x000000043f000000, 0x000000043f800000|  0%| F|  |TAMS 0x000000043f000000| PB 0x000000043f000000| Untracked 
|  78|0x000000043f800000, 0x000000043f800000, 0x0000000440000000|  0%| F|  |TAMS 0x000000043f800000| PB 0x000000043f800000| Untracked 
|  79|0x0000000440000000, 0x0000000440000000, 0x0000000440800000|  0%| F|  |TAMS 0x0000000440000000| PB 0x0000000440000000| Untracked 
|  80|0x0000000440800000, 0x0000000440800000, 0x0000000441000000|  0%| F|  |TAMS 0x0000000440800000| PB 0x0000000440800000| Untracked 
|  81|0x0000000441000000, 0x0000000441000000, 0x0000000441800000|  0%| F|  |TAMS 0x0000000441000000| PB 0x0000000441000000| Untracked 
|  82|0x0000000441800000, 0x0000000441800000, 0x0000000442000000|  0%| F|  |TAMS 0x0000000441800000| PB 0x0000000441800000| Untracked 
|  83|0x0000000442000000, 0x0000000442000000, 0x0000000442800000|  0%| F|  |TAMS 0x0000000442000000| PB 0x0000000442000000| Untracked 
|  84|0x0000000442800000, 0x0000000442800000, 0x0000000443000000|  0%| F|  |TAMS 0x0000000442800000| PB 0x0000000442800000| Untracked 
|  85|0x0000000443000000, 0x0000000443000000, 0x0000000443800000|  0%| F|  |TAMS 0x0000000443000000| PB 0x0000000443000000| Untracked 
|  86|0x0000000443800000, 0x0000000443800000, 0x0000000444000000|  0%| F|  |TAMS 0x0000000443800000| PB 0x0000000443800000| Untracked 
|  87|0x0000000444000000, 0x0000000444000000, 0x0000000444800000|  0%| F|  |TAMS 0x0000000444000000| PB 0x0000000444000000| Untracked 
|  88|0x0000000444800000, 0x0000000444800000, 0x0000000445000000|  0%| F|  |TAMS 0x0000000444800000| PB 0x0000000444800000| Untracked 
|  89|0x0000000445000000, 0x0000000445000000, 0x0000000445800000|  0%| F|  |TAMS 0x0000000445000000| PB 0x0000000445000000| Untracked 
|  90|0x0000000445800000, 0x0000000445800000, 0x0000000446000000|  0%| F|  |TAMS 0x0000000445800000| PB 0x0000000445800000| Untracked 
|  91|0x0000000446000000, 0x0000000446000000, 0x0000000446800000|  0%| F|  |TAMS 0x0000000446000000| PB 0x0000000446000000| Untracked 
|  92|0x0000000446800000, 0x0000000446800000, 0x0000000447000000|  0%| F|  |TAMS 0x0000000446800000| PB 0x0000000446800000| Untracked 
|  93|0x0000000447000000, 0x0000000447000000, 0x0000000447800000|  0%| F|  |TAMS 0x0000000447000000| PB 0x0000000447000000| Untracked 
|  94|0x0000000447800000, 0x0000000447800000, 0x0000000448000000|  0%| F|  |TAMS 0x0000000447800000| PB 0x0000000447800000| Untracked 
|  95|0x0000000448000000, 0x0000000448000000, 0x0000000448800000|  0%| F|  |TAMS 0x0000000448000000| PB 0x0000000448000000| Untracked 
|  96|0x0000000448800000, 0x0000000448800000, 0x0000000449000000|  0%| F|  |TAMS 0x0000000448800000| PB 0x0000000448800000| Untracked 
|  97|0x0000000449000000, 0x0000000449000000, 0x0000000449800000|  0%| F|  |TAMS 0x0000000449000000| PB 0x0000000449000000| Untracked 
|  98|0x0000000449800000, 0x0000000449800000, 0x000000044a000000|  0%| F|  |TAMS 0x0000000449800000| PB 0x0000000449800000| Untracked 
|  99|0x000000044a000000, 0x000000044a000000, 0x000000044a800000|  0%| F|  |TAMS 0x000000044a000000| PB 0x000000044a000000| Untracked 
| 100|0x000000044a800000, 0x000000044a800000, 0x000000044b000000|  0%| F|  |TAMS 0x000000044a800000| PB 0x000000044a800000| Untracked 
| 101|0x000000044b000000, 0x000000044b000000, 0x000000044b800000|  0%| F|  |TAMS 0x000000044b000000| PB 0x000000044b000000| Untracked 
| 102|0x000000044b800000, 0x000000044b800000, 0x000000044c000000|  0%| F|  |TAMS 0x000000044b800000| PB 0x000000044b800000| Untracked 
| 103|0x000000044c000000, 0x000000044c000000, 0x000000044c800000|  0%| F|  |TAMS 0x000000044c000000| PB 0x000000044c000000| Untracked 
| 104|0x000000044c800000, 0x000000044c800000, 0x000000044d000000|  0%| F|  |TAMS 0x000000044c800000| PB 0x000000044c800000| Untracked 
| 105|0x000000044d000000, 0x000000044d000000, 0x000000044d800000|  0%| F|  |TAMS 0x000000044d000000| PB 0x000000044d000000| Untracked 
| 106|0x000000044d800000, 0x000000044d800000, 0x000000044e000000|  0%| F|  |TAMS 0x000000044d800000| PB 0x000000044d800000| Untracked 
| 107|0x000000044e000000, 0x000000044e000000, 0x000000044e800000|  0%| F|  |TAMS 0x000000044e000000| PB 0x000000044e000000| Untracked 
| 108|0x000000044e800000, 0x000000044e95bc20, 0x000000044f000000| 16%| E|  |TAMS 0x000000044e800000| PB 0x000000044e800000| Complete 
| 109|0x000000044f000000, 0x000000044f800000, 0x000000044f800000|100%| E|CS|TAMS 0x000000044f000000| PB 0x000000044f000000| Complete 
| 110|0x000000044f800000, 0x0000000450000000, 0x0000000450000000|100%| E|CS|TAMS 0x000000044f800000| PB 0x000000044f800000| Complete 
| 111|0x0000000450000000, 0x0000000450800000, 0x0000000450800000|100%| E|CS|TAMS 0x0000000450000000| PB 0x0000000450000000| Complete 
| 112|0x0000000450800000, 0x0000000451000000, 0x0000000451000000|100%| E|CS|TAMS 0x0000000450800000| PB 0x0000000450800000| Complete 
| 113|0x0000000451000000, 0x0000000451800000, 0x0000000451800000|100%| E|CS|TAMS 0x0000000451000000| PB 0x0000000451000000| Complete 
| 114|0x0000000451800000, 0x0000000451a89ce8, 0x0000000452000000| 31%| S|CS|TAMS 0x0000000451800000| PB 0x0000000451800000| Complete 
| 115|0x0000000452000000, 0x0000000452800000, 0x0000000452800000|100%| E|CS|TAMS 0x0000000452000000| PB 0x0000000452000000| Complete 
| 116|0x0000000452800000, 0x0000000453000000, 0x0000000453000000|100%| E|CS|TAMS 0x0000000452800000| PB 0x0000000452800000| Complete 
| 117|0x0000000453000000, 0x0000000453800000, 0x0000000453800000|100%| E|CS|TAMS 0x0000000453000000| PB 0x0000000453000000| Complete 
| 118|0x0000000453800000, 0x0000000454000000, 0x0000000454000000|100%| E|CS|TAMS 0x0000000453800000| PB 0x0000000453800000| Complete 
| 119|0x0000000454000000, 0x0000000454800000, 0x0000000454800000|100%| E|CS|TAMS 0x0000000454000000| PB 0x0000000454000000| Complete 
| 120|0x0000000454800000, 0x0000000455000000, 0x0000000455000000|100%| E|CS|TAMS 0x0000000454800000| PB 0x0000000454800000| Complete 
| 121|0x0000000455000000, 0x0000000455800000, 0x0000000455800000|100%| E|CS|TAMS 0x0000000455000000| PB 0x0000000455000000| Complete 
| 122|0x0000000455800000, 0x0000000456000000, 0x0000000456000000|100%| E|CS|TAMS 0x0000000455800000| PB 0x0000000455800000| Complete 
| 123|0x0000000456000000, 0x0000000456800000, 0x0000000456800000|100%| E|CS|TAMS 0x0000000456000000| PB 0x0000000456000000| Complete 
| 124|0x0000000456800000, 0x0000000457000000, 0x0000000457000000|100%| E|CS|TAMS 0x0000000456800000| PB 0x0000000456800000| Complete 
|1998|0x00000007ff800000, 0x00000007ff9075f8, 0x0000000800000000| 12%| O|  |TAMS 0x00000007ff800000| PB 0x00000007ff800000| Untracked 

Card table byte_map: [0x0000707543a00000,0x000070754593c000] _byte_map_base: 0x000070754193c000

Marking Bits: (CMBitMap*) 0x0000707560058d00
 Bits: [0x0000707534000000, 0x00007075439e0000)

Polling page: 0x0000707566d08000

Metaspace:

Usage:
  Non-class:     17.86 MB used.
      Class:      2.66 MB used.
       Both:     20.52 MB used.

Virtual space:
  Non-class space:       64.00 MB reserved,      18.06 MB ( 28%) committed,  1 nodes.
      Class space:        1.00 GB reserved,       2.81 MB ( <1%) committed,  1 nodes.
             Both:        1.06 GB reserved,      20.88 MB (  2%) committed. 

Chunk freelists:
   Non-Class:  13.84 MB
       Class:  13.20 MB
        Both:  27.05 MB

MaxMetaspaceSize: unlimited
CompressedClassSpaceSize: 1.00 GB
Initial GC threshold: 21.00 MB
Current GC threshold: 21.00 MB
CDS: on
 - commit_granule_bytes: 65536.
 - commit_granule_words: 8192.
 - virtual_space_node_default_size: 8388608.
 - enlarge_chunks_in_place: 1.
 - use_allocation_guard: 0.


Internal statistics:

num_allocs_failed_limit: 0.
num_arena_births: 326.
num_arena_deaths: 0.
num_vsnodes_births: 2.
num_vsnodes_deaths: 0.
num_space_committed: 334.
num_space_uncommitted: 0.
num_chunks_returned_to_freelist: 0.
num_chunks_taken_from_freelist: 1080.
num_chunk_merges: 0.
num_chunk_splits: 713.
num_chunks_enlarged: 530.
num_inconsistent_stats: 0.

CodeHeap 'non-profiled nmethods': size=119168Kb used=3211Kb max_used=3211Kb free=115956Kb
 bounds [0x000070754f7a0000, 0x000070754fad0000, 0x0000707556c00000]
CodeHeap 'profiled nmethods': size=119164Kb used=8303Kb max_used=8303Kb free=110861Kb
 bounds [0x0000707547c00000, 0x0000707548420000, 0x000070754f05f000]
CodeHeap 'non-nmethods': size=7428Kb used=3120Kb max_used=3192Kb free=4308Kb
 bounds [0x000070754f05f000, 0x000070754f38f000, 0x000070754f7a0000]
 total_blobs=4567 nmethods=4033 adapters=435
 compilation: enabled
              stopped_count=0, restarted_count=0
 full_count=0

Compilation events (20 events):
Event: 1.524 Thread 0x0000707560156f00 4023   !   3       jdk.internal.loader.BuiltinClassLoader::findMiscResource (122 bytes)
Event: 1.524 Thread 0x0000707498056440 4024       3       java.security.AccessController::executePrivileged (65 bytes)
Event: 1.524 Thread 0x0000707498056440 nmethod 4024 0x0000707548416e90 code [0x0000707548417060, 0x0000707548417370]
Event: 1.524 Thread 0x0000707560156f00 nmethod 4023 0x0000707548417510 code [0x00007075484177c0, 0x0000707548418a28]
Event: 1.527 Thread 0x000070745c001e10 nmethod 4021 0x000070754fac1910 code [0x000070754fac1ac0, 0x000070754fac1f38]
Event: 1.539 Thread 0x0000707460001d20 4025       4       org.jacoco.agent.rt.internal_aeaf9ab.asm.ClassVisitor::visitSource (17 bytes)
Event: 1.539 Thread 0x0000707460001d20 nmethod 4025 0x000070754fac2210 code [0x000070754fac23a0, 0x000070754fac2460]
Event: 1.540 Thread 0x0000707498056440 4026       3       java.lang.invoke.LambdaFormBuffer::indexOf (33 bytes)
Event: 1.540 Thread 0x0000707498056440 nmethod 4026 0x0000707548418f10 code [0x00007075484190e0, 0x0000707548419498]
Event: 1.551 Thread 0x000070748c0011d0 4029       3       java.lang.invoke.MemberName::getFactory (4 bytes)
Event: 1.551 Thread 0x000070748c0011d0 nmethod 4029 0x0000707548419590 code [0x0000707548419720, 0x0000707548419810]
Event: 1.551 Thread 0x000070745c001e10 4030       4       java.util.Optional::isEmpty (13 bytes)
Event: 1.551 Thread 0x0000707560156f00 4031       3       java.lang.invoke.SimpleMethodHandle::make (10 bytes)
Event: 1.551 Thread 0x000070748c0011d0 4033       3       java.lang.invoke.MethodHandleImpl$IntrinsicMethodHandle::<init> (25 bytes)
Event: 1.551 Thread 0x000070748c0024a0 4032       3       java.lang.invoke.SimpleMethodHandle::<init> (7 bytes)
Event: 1.551 Thread 0x000070745c001e10 nmethod 4030 0x000070754fac2b10 code [0x000070754fac2c80, 0x000070754fac2d10]
Event: 1.551 Thread 0x0000707560156f00 nmethod 4031 0x0000707548419890 code [0x0000707548419a40, 0x0000707548419c30]
Event: 1.551 Thread 0x000070748c0024a0 nmethod 4032 0x0000707548419d10 code [0x0000707548419ec0, 0x000070754841a080]
Event: 1.551 Thread 0x000070748c0011d0 nmethod 4033 0x000070754841a190 code [0x000070754841a380, 0x000070754841a9e0]
Event: 1.558 Thread 0x0000707460001d20 4034       4       org.jacoco.agent.rt.internal_aeaf9ab.asm.SymbolTable::addTypeInternal (85 bytes)

GC Heap History (6 events):
Event: 0.323 GC heap before
{Heap before GC invocations=0 (full 0):
 garbage-first heap   total 1032192K, used 50205K [0x0000000418800000, 0x0000000800000000)
  region size 8192K, 6 young (49152K), 0 survivors (0K)
 Metaspace       used 5346K, committed 5568K, reserved 1114112K
  class space    used 495K, committed 576K, reserved 1048576K
}
Event: 0.325 GC heap after
{Heap after GC invocations=1 (full 0):
 garbage-first heap   total 1032192K, used 5834K [0x0000000418800000, 0x0000000800000000)
  region size 8192K, 1 young (8192K), 1 survivors (8192K)
 Metaspace       used 5346K, committed 5568K, reserved 1114112K
  class space    used 495K, committed 576K, reserved 1048576K
}
Event: 0.552 GC heap before
{Heap before GC invocations=1 (full 0):
 garbage-first heap   total 1032192K, used 46794K [0x0000000418800000, 0x0000000800000000)
  region size 8192K, 6 young (49152K), 1 survivors (8192K)
 Metaspace       used 8408K, committed 8640K, reserved 1114112K
  class space    used 837K, committed 960K, reserved 1048576K
}
Event: 0.555 GC heap after
{Heap after GC invocations=2 (full 0):
 garbage-first heap   total 1032192K, used 6497K [0x0000000418800000, 0x0000000800000000)
  region size 8192K, 1 young (8192K), 1 survivors (8192K)
 Metaspace       used 8408K, committed 8640K, reserved 1114112K
  class space    used 837K, committed 960K, reserved 1048576K
}
Event: 0.892 GC heap before
{Heap before GC invocations=2 (full 0):
 garbage-first heap   total 1032192K, used 80225K [0x0000000418800000, 0x0000000800000000)
  region size 8192K, 10 young (81920K), 1 survivors (8192K)
 Metaspace       used 13197K, committed 13440K, reserved 1114112K
  class space    used 1520K, committed 1664K, reserved 1048576K
}
Event: 0.894 GC heap after
{Heap after GC invocations=3 (full 0):
 garbage-first heap   total 1032192K, used 8158K [0x0000000418800000, 0x0000000800000000)
  region size 8192K, 1 young (8192K), 1 survivors (8192K)
 Metaspace       used 13197K, committed 13440K, reserved 1114112K
  class space    used 1520K, committed 1664K, reserved 1048576K
}

Dll operation events (11 events):
Event: 0.001 Loaded shared library /home/uwe/.sdkman/candidates/java/21-amzn/lib/libjava.so
Event: 0.014 Loaded shared library /home/uwe/.sdkman/candidates/java/21-amzn/lib/libjsvml.so
Event: 0.028 Loaded shared library /home/uwe/.sdkman/candidates/java/21-amzn/lib/libzip.so
Event: 0.029 Loaded shared library /home/uwe/.sdkman/candidates/java/21-amzn/lib/libinstrument.so
Event: 0.030 Loaded shared library /home/uwe/.sdkman/candidates/java/21-amzn/lib/libnio.so
Event: 0.030 Loaded shared library /home/uwe/.sdkman/candidates/java/21-amzn/lib/libzip.so
Event: 0.063 Loaded shared library /home/uwe/.sdkman/candidates/java/21-amzn/lib/libverify.so
Event: 0.069 Loaded shared library /home/uwe/.sdkman/candidates/java/21-amzn/lib/libnet.so
Event: 0.070 Loaded shared library /home/uwe/.sdkman/candidates/java/21-amzn/lib/libjimage.so
Event: 0.155 Loaded shared library /home/uwe/.sdkman/candidates/java/21-amzn/lib/libmanagement.so
Event: 0.156 Loaded shared library /home/uwe/.sdkman/candidates/java/21-amzn/lib/libmanagement_ext.so

Deoptimization events (20 events):
Event: 1.394 Thread 0x000070756002b7b0 DEOPT PACKING pc=0x000070754f8da1f8 sp=0x0000707566bdacc0
Event: 1.394 Thread 0x000070756002b7b0 DEOPT UNPACKING pc=0x000070754f0b2f99 sp=0x0000707566bdab50 mode 2
Event: 1.404 Thread 0x000070756002b7b0 DEOPT PACKING pc=0x0000707547dd355a sp=0x0000707566bd7e40
Event: 1.404 Thread 0x000070756002b7b0 DEOPT UNPACKING pc=0x000070754f0b372f sp=0x0000707566bd7570 mode 0
Event: 1.434 Thread 0x000070756002b7b0 DEOPT PACKING pc=0x0000707547dd471e sp=0x0000707566bd5050
Event: 1.434 Thread 0x000070756002b7b0 DEOPT UNPACKING pc=0x000070754f0b372f sp=0x0000707566bd4780 mode 0
Event: 1.441 Thread 0x000070756002b7b0 DEOPT PACKING pc=0x0000707547dd3dbd sp=0x0000707566bd8ed0
Event: 1.441 Thread 0x000070756002b7b0 DEOPT UNPACKING pc=0x000070754f0b372f sp=0x0000707566bd8600 mode 0
Event: 1.455 Thread 0x000070756002b7b0 Uncommon trap: trap_request=0xffffffde fr.pc=0x000070754f910a34 relative=0x0000000000000354
Event: 1.455 Thread 0x000070756002b7b0 Uncommon trap: reason=class_check action=maybe_recompile pc=0x000070754f910a34 method=java.lang.reflect.Executable.declaredAnnotations()Ljava/util/Map; @ 23 c2
Event: 1.455 Thread 0x000070756002b7b0 DEOPT PACKING pc=0x000070754f910a34 sp=0x0000707566bdb810
Event: 1.455 Thread 0x000070756002b7b0 DEOPT UNPACKING pc=0x000070754f0b2f99 sp=0x0000707566bdb7a8 mode 2
Event: 1.455 Thread 0x000070756002b7b0 Uncommon trap: trap_request=0xffffffde fr.pc=0x000070754f910a34 relative=0x0000000000000354
Event: 1.455 Thread 0x000070756002b7b0 Uncommon trap: reason=class_check action=maybe_recompile pc=0x000070754f910a34 method=java.lang.reflect.Executable.declaredAnnotations()Ljava/util/Map; @ 23 c2
Event: 1.455 Thread 0x000070756002b7b0 DEOPT PACKING pc=0x000070754f910a34 sp=0x0000707566bdb770
Event: 1.455 Thread 0x000070756002b7b0 DEOPT UNPACKING pc=0x000070754f0b2f99 sp=0x0000707566bdb710 mode 2
Event: 1.474 Thread 0x000070756002b7b0 DEOPT PACKING pc=0x0000707547dd3bee sp=0x0000707566bd8c80
Event: 1.474 Thread 0x000070756002b7b0 DEOPT UNPACKING pc=0x000070754f0b372f sp=0x0000707566bd83b0 mode 0
Event: 1.491 Thread 0x000070756002b7b0 DEOPT PACKING pc=0x0000707547dd471e sp=0x0000707566bd89f0
Event: 1.491 Thread 0x000070756002b7b0 DEOPT UNPACKING pc=0x000070754f0b372f sp=0x0000707566bd8120 mode 0

Classes loaded (20 events):
Event: 1.551 Loading class com/google/common/io/ByteArrayDataInput
Event: 1.551 Loading class com/google/common/io/ByteArrayDataInput done
Event: 1.551 Loading class com/google/common/io/ByteArrayDataInput
Event: 1.551 Loading class com/google/common/io/ByteArrayDataInput done
Event: 1.551 Loading class org/factcast/factus/snapshot/SnapshotData$Protocol
Event: 1.551 Loading class org/factcast/factus/snapshot/SnapshotData$Protocol done
Event: 1.551 Loading class org/assertj/core/internal/ByteArrays
Event: 1.551 Loading class org/assertj/core/internal/ByteArrays done
Event: 1.558 Loading class org/assertj/core/internal/Arrays
Event: 1.558 Loading class org/assertj/core/internal/Arrays done
Event: 1.560 Loading class org/assertj/core/api/AssertionsForInterfaceTypes
Event: 1.560 Loading class org/assertj/core/api/AssertionsForInterfaceTypes done
Event: 1.560 Loading class org/assertj/core/api/GenericComparableAssert
Event: 1.560 Loading class org/assertj/core/api/GenericComparableAssert done
Event: 1.561 Loading class org/assertj/core/api/AbstractUniversalComparableAssert
Event: 1.561 Loading class org/assertj/core/api/AbstractUniversalComparableAssert done
Event: 1.561 Loading class org/assertj/core/api/UniversalComparableAssert
Event: 1.561 Loading class org/assertj/core/api/UniversalComparableAssert done
Event: 1.562 Loading class org/assertj/core/internal/Comparables
Event: 1.562 Loading class org/assertj/core/internal/Comparables done

Classes unloaded (0 events):
No events

Classes redefined (0 events):
No events

Internal exceptions (20 events):
Event: 0.756 Thread 0x000070756002b7b0 Exception <a 'java/lang/NoSuchMethodError'{0x000000045561f840}: 'java.lang.Object java.lang.invoke.Invokers$Holder.linkToTargetMethod(java.lang.Object, long, java.lang.Object, java.lang.Object)'> (0x000000045561f840) 
thrown [src/hotspot/share/interpreter/linkResolver.cpp, line 773]
Event: 0.782 Thread 0x000070756002b7b0 Exception <a 'java/lang/NoSuchMethodError'{0x0000000454bf4170}: 'java.lang.Object java.lang.invoke.DirectMethodHandle$Holder.invokeStatic(java.lang.Object, int, java.lang.Object)'> (0x0000000454bf4170) 
thrown [src/hotspot/share/interpreter/linkResolver.cpp, line 773]
Event: 0.812 Thread 0x000070756002b7b0 Exception <a 'java/lang/NoSuchMethodError'{0x0000000453bce8b8}: 'void java.lang.invoke.DirectMethodHandle$Holder.invokeVirtual(java.lang.Object, java.lang.Object)'> (0x0000000453bce8b8) 
thrown [src/hotspot/share/interpreter/linkResolver.cpp, line 773]
Event: 0.891 Thread 0x000070756002b7b0 Exception <a 'java/lang/NoSuchMethodError'{0x00000004527b1318}: 'int java.lang.invoke.DirectMethodHandle$Holder.invokeInterface(java.lang.Object, java.lang.Object)'> (0x00000004527b1318) 
thrown [src/hotspot/share/interpreter/linkResolver.cpp, line 773]
Event: 0.891 Thread 0x000070756002b7b0 Exception <a 'java/lang/IncompatibleClassChangeError'{0x00000004527b4b28}: Found class java.lang.Object, but interface was expected> (0x00000004527b4b28) 
thrown [src/hotspot/share/interpreter/linkResolver.cpp, line 840]
Event: 0.910 Thread 0x000070756002b7b0 Exception <a 'java/lang/NoSuchMethodError'{0x0000000456bda5c8}: 'void java.lang.invoke.DirectMethodHandle$Holder.invokeSpecial(java.lang.Object, java.lang.Object, java.lang.Object, java.lang.Object, java.lang.Object, java.lang.Object, java.lang.Object)'> (0x0000000456bda5c8) 
thrown [src/hotspot/share/interpreter/linkResolver.cpp, line 773]
Event: 1.023 Thread 0x000070756002b7b0 Implicit null exception at 0x000070754f840b66 to 0x000070754f840d10
Event: 1.055 Thread 0x000070756002b7b0 Exception <a 'java/lang/NoSuchMethodError'{0x0000000455659768}: 'int java.lang.invoke.DirectMethodHandle$Holder.invokeSpecial(java.lang.Object, java.lang.Object, java.lang.Object, java.lang.Object)'> (0x0000000455659768) 
thrown [src/hotspot/share/interpreter/linkResolver.cpp, line 773]
Event: 1.218 Thread 0x000070756002b7b0 Exception <a 'java/lang/NoSuchMethodError'{0x0000000453388b48}: method resolution failed> (0x0000000453388b48) 
thrown [src/hotspot/share/prims/methodHandles.cpp, line 1144]
Event: 1.218 Thread 0x000070756002b7b0 Implicit null exception at 0x000070754fa39bc0 to 0x000070754fa3a00c
Event: 1.220 Thread 0x000070756002b7b0 Exception <a 'java/lang/NoSuchMethodError'{0x00000004533cc918}: 'java.lang.Class java.lang.Class.getNestHost(java.lang.Class)'> (0x00000004533cc918) 
thrown [src/hotspot/share/interpreter/linkResolver.cpp, line 773]
Event: 1.220 Thread 0x000070756002b7b0 Exception <a 'java/lang/NoSuchMethodError'{0x00000004533cecc0}: 'java.lang.Class[] java.lang.Class.getNestMembers(java.lang.Class)'> (0x00000004533cecc0) 
thrown [src/hotspot/share/interpreter/linkResolver.cpp, line 773]
Event: 1.348 Thread 0x000070756002b7b0 Exception <a 'java/lang/NoSuchMethodError'{0x000000045130fc10}: 'long java.lang.invoke.DirectMethodHandle$Holder.invokeStatic(java.lang.Object, java.lang.Object, int)'> (0x000000045130fc10) 
thrown [src/hotspot/share/interpreter/linkResolver.cpp, line 773]
Event: 1.349 Thread 0x000070756002b7b0 Exception <a 'java/lang/NoSuchMethodError'{0x0000000451324d50}: 'java.lang.Object java.lang.invoke.DirectMethodHandle$Holder.invokeStatic(java.lang.Object, java.lang.Object, java.lang.Object, java.lang.Object, int)'> (0x0000000451324d50) 
thrown [src/hotspot/share/interpreter/linkResolver.cpp, line 773]
Event: 1.350 Thread 0x000070756002b7b0 Exception <a 'java/lang/NoSuchMethodError'{0x0000000451332ff0}: 'int java.lang.invoke.DirectMethodHandle$Holder.invokeSpecial(java.lang.Object, java.lang.Object, java.lang.Object, int)'> (0x0000000451332ff0) 
thrown [src/hotspot/share/interpreter/linkResolver.cpp, line 773]
Event: 1.350 Thread 0x000070756002b7b0 Exception <a 'java/lang/NoSuchMethodError'{0x000000045133d930}: 'void java.lang.invoke.DelegatingMethodHandle$Holder.reinvoke_L(java.lang.Object, java.lang.Object, java.lang.Object, long, int)'> (0x000000045133d930) 
thrown [src/hotspot/share/interpreter/linkResolver.cpp, line 773]
Event: 1.353 Thread 0x000070756002b7b0 Exception <a 'java/lang/NoSuchMethodError'{0x00000004513b9cb8}: 'int java.lang.invoke.DirectMethodHandle$Holder.invokeStaticInit(java.lang.Object, java.lang.Object, java.lang.Object, java.lang.Object)'> (0x00000004513b9cb8) 
thrown [src/hotspot/share/interpreter/linkResolver.cpp, line 773]
Event: 1.353 Thread 0x000070756002b7b0 Exception <a 'java/lang/NoSuchMethodError'{0x00000004513c45e0}: 'void java.lang.invoke.DirectMethodHandle$Holder.invokeStaticInit(java.lang.Object, java.lang.Object)'> (0x00000004513c45e0) 
thrown [src/hotspot/share/interpreter/linkResolver.cpp, line 773]
Event: 1.409 Thread 0x000070756002b7b0 Exception <a 'java/lang/ClassNotFoundException'{0x0000000450ca7f40}: java/lang/ClassLoader$ByteBuddyAccessor$V1> (0x0000000450ca7f40) 
thrown [src/hotspot/share/classfile/systemDictionary.cpp, line 312]
Event: 1.410 Thread 0x000070756002b7b0 Exception <a 'java/lang/NoSuchMethodError'{0x0000000450cb10f0}: 'java.lang.Object java.lang.invoke.DelegatingMethodHandle$Holder.reinvoke_L(java.lang.Object, java.lang.Object, java.lang.Object, java.lang.Object, int, int, java.lang.Object, java.lang.Object)'> (0x0000000450cb10f0) 
thrown [src/hotspot/share/interpreter/linkResolver.cpp, line 773]

ZGC Phase Switch (0 events):
No events

VM Operations (20 events):
Event: 0.713 Executing VM operation: HandshakeAllThreads (Deoptimize)
Event: 0.713 Executing VM operation: HandshakeAllThreads (Deoptimize) done
Event: 0.767 Executing VM operation: HandshakeAllThreads (Deoptimize)
Event: 0.767 Executing VM operation: HandshakeAllThreads (Deoptimize) done
Event: 0.811 Executing VM operation: HandshakeAllThreads (Deoptimize)
Event: 0.811 Executing VM operation: HandshakeAllThreads (Deoptimize) done
Event: 0.892 Executing VM operation: G1CollectForAllocation (G1 Evacuation Pause)
Event: 0.894 Executing VM operation: G1CollectForAllocation (G1 Evacuation Pause) done
Event: 0.946 Executing VM operation: HandshakeAllThreads (Deoptimize)
Event: 0.946 Executing VM operation: HandshakeAllThreads (Deoptimize) done
Event: 0.981 Executing VM operation: HandshakeAllThreads (Deoptimize)
Event: 0.981 Executing VM operation: HandshakeAllThreads (Deoptimize) done
Event: 1.061 Executing VM operation: HandshakeAllThreads (Deoptimize)
Event: 1.062 Executing VM operation: HandshakeAllThreads (Deoptimize) done
Event: 1.191 Executing VM operation: ICBufferFull
Event: 1.191 Executing VM operation: ICBufferFull done
Event: 1.256 Executing VM operation: HandshakeAllThreads (Deoptimize)
Event: 1.256 Executing VM operation: HandshakeAllThreads (Deoptimize) done
Event: 1.385 Executing VM operation: ICBufferFull
Event: 1.385 Executing VM operation: ICBufferFull done

Events (20 events):
Event: 0.024 Thread 0x000070748c0011d0 Thread added: 0x000070748c0011d0
Event: 0.024 Protecting memory [0x000070752b000000,0x000070752b004000] with protection modes 0
Event: 0.024 Thread 0x000070748c0024a0 Thread added: 0x000070748c0024a0
Event: 0.024 Protecting memory [0x000070752af00000,0x000070752af04000] with protection modes 0
Event: 0.034 Thread 0x000070748404b490 Thread added: 0x000070748404b490
Event: 0.034 Protecting memory [0x000070752ab00000,0x000070752ab04000] with protection modes 0
Event: 0.113 Thread 0x00007075604ce770 Thread added: 0x00007075604ce770
Event: 0.113 Protecting memory [0x000070752aa00000,0x000070752aa04000] with protection modes 0
Event: 0.175 Thread 0x00007075605c3770 Thread added: 0x00007075605c3770
Event: 0.175 Protecting memory [0x000070752a900000,0x000070752a904000] with protection modes 0
Event: 0.193 Thread 0x00007075605d9830 Thread added: 0x00007075605d9830
Event: 0.193 Protecting memory [0x000070752a500000,0x000070752a504000] with protection modes 0
Event: 0.199 Thread 0x000070749c0b9040 Thread added: 0x000070749c0b9040
Event: 0.199 Protecting memory [0x000070752a400000,0x000070752a404000] with protection modes 0
Event: 0.204 Thread 0x0000707460001d20 Thread added: 0x0000707460001d20
Event: 0.204 Protecting memory [0x000070752a300000,0x000070752a304000] with protection modes 0
Event: 0.206 Thread 0x00007074840a4bd0 Thread added: 0x00007074840a4bd0
Event: 0.206 Protecting memory [0x0000707529f00000,0x0000707529f04000] with protection modes 0
Event: 0.207 Thread 0x000070745c001e10 Thread added: 0x000070745c001e10
Event: 0.207 Protecting memory [0x0000707529e00000,0x0000707529e04000] with protection modes 0


Dynamic libraries:
418800000-457000000 rw-p 00000000 00:00 0 
457000000-7ff800000 ---p 00000000 00:00 0 
7ff800000-7ff908000 rw-p 00ce7000 103:02 61764735                        /home/uwe/.sdkman/candidates/java/21-amzn/lib/server/classes.jsa
7ff908000-800000000 rw-p 00000000 00:00 0 
5e40ce000000-5e40ce001000 r-xp 00000000 103:02 61764563                  /home/uwe/.sdkman/candidates/java/21-amzn/bin/java
5e40ce201000-5e40ce202000 r--p 00001000 103:02 61764563                  /home/uwe/.sdkman/candidates/java/21-amzn/bin/java
5e40ce202000-5e40ce203000 rw-p 00002000 103:02 61764563                  /home/uwe/.sdkman/candidates/java/21-amzn/bin/java
5e40d65c5000-5e40d660b000 rw-p 00000000 00:00 0                          [heap]
7073fc000000-7073fc021000 rw-p 00000000 00:00 0 
7073fc021000-707400000000 ---p 00000000 00:00 0 
707400000000-707400021000 rw-p 00000000 00:00 0 
707400021000-707404000000 ---p 00000000 00:00 0 
707408000000-707408021000 rw-p 00000000 00:00 0 
707408021000-70740c000000 ---p 00000000 00:00 0 
70740c000000-70740c021000 rw-p 00000000 00:00 0 
70740c021000-707410000000 ---p 00000000 00:00 0 
707414000000-707414021000 rw-p 00000000 00:00 0 
707414021000-707418000000 ---p 00000000 00:00 0 
707418000000-707418021000 rw-p 00000000 00:00 0 
707418021000-70741c000000 ---p 00000000 00:00 0 
707420000000-707420021000 rw-p 00000000 00:00 0 
707420021000-707424000000 ---p 00000000 00:00 0 
707424000000-707424021000 rw-p 00000000 00:00 0 
707424021000-707428000000 ---p 00000000 00:00 0 
70742c000000-70742c021000 rw-p 00000000 00:00 0 
70742c021000-707430000000 ---p 00000000 00:00 0 
707430000000-707430021000 rw-p 00000000 00:00 0 
707430021000-707434000000 ---p 00000000 00:00 0 
707438000000-707438021000 rw-p 00000000 00:00 0 
707438021000-70743c000000 ---p 00000000 00:00 0 
70743c000000-70743c021000 rw-p 00000000 00:00 0 
70743c021000-707440000000 ---p 00000000 00:00 0 
707444000000-707444021000 rw-p 00000000 00:00 0 
707444021000-707448000000 ---p 00000000 00:00 0 
707448000000-707448021000 rw-p 00000000 00:00 0 
707448021000-70744c000000 ---p 00000000 00:00 0 
707450000000-7074512f0000 rw-p 00000000 00:00 0 
7074512f0000-707454000000 ---p 00000000 00:00 0 
707454000000-707455337000 rw-p 00000000 00:00 0 
707455337000-707458000000 ---p 00000000 00:00 0 
70745c000000-70745cafa000 rw-p 00000000 00:00 0 
70745cafa000-707460000000 ---p 00000000 00:00 0 
707460000000-7074616f6000 rw-p 00000000 00:00 0 
7074616f6000-707464000000 ---p 00000000 00:00 0 
707468000000-707468021000 rw-p 00000000 00:00 0 
707468021000-70746c000000 ---p 00000000 00:00 0 
70746c000000-70746c021000 rw-p 00000000 00:00 0 
70746c021000-707470000000 ---p 00000000 00:00 0 
707474000000-707474021000 rw-p 00000000 00:00 0 
707474021000-707478000000 ---p 00000000 00:00 0 
707478000000-707478df2000 rw-p 00000000 00:00 0 
707478df2000-70747c000000 ---p 00000000 00:00 0 
707480000000-707480347000 rw-p 00000000 00:00 0 
707480347000-707484000000 ---p 00000000 00:00 0 
707484000000-707484224000 rw-p 00000000 00:00 0 
707484224000-707488000000 ---p 00000000 00:00 0 
70748c000000-70748c419000 rw-p 00000000 00:00 0 
70748c419000-707490000000 ---p 00000000 00:00 0 
707490000000-707490021000 rw-p 00000000 00:00 0 
707490021000-707494000000 ---p 00000000 00:00 0 
707498000000-7074982b4000 rw-p 00000000 00:00 0 
7074982b4000-70749c000000 ---p 00000000 00:00 0 
70749c000000-70749cf5f000 rw-p 00000000 00:00 0 
70749cf5f000-7074a0000000 ---p 00000000 00:00 0 
7074a4000000-7074a4021000 rw-p 00000000 00:00 0 
7074a4021000-7074a8000000 ---p 00000000 00:00 0 
7074a8000000-7074a8021000 rw-p 00000000 00:00 0 
7074a8021000-7074ac000000 ---p 00000000 00:00 0 
7074b0000000-7074b0021000 rw-p 00000000 00:00 0 
7074b0021000-7074b4000000 ---p 00000000 00:00 0 
7074b4000000-7074b4021000 rw-p 00000000 00:00 0 
7074b4021000-7074b8000000 ---p 00000000 00:00 0 
7074bc000000-7074bc021000 rw-p 00000000 00:00 0 
7074bc021000-7074c0000000 ---p 00000000 00:00 0 
7074c0000000-7074c0021000 rw-p 00000000 00:00 0 
7074c0021000-7074c4000000 ---p 00000000 00:00 0 
7074c8000000-7074c83f0000 rw-p 00000000 00:00 0 
7074c83f0000-7074c8af0000 rw-p 00000000 00:00 0 
7074c8af0000-7074c8be0000 rw-p 00000000 00:00 0 
7074c8be0000-7074c8c00000 ---p 00000000 00:00 0 
7074c8c00000-7074c9230000 rw-p 00000000 00:00 0 
7074c9230000-7074cc000000 ---p 00000000 00:00 0 
7074cc000000-7074cc021000 rw-p 00000000 00:00 0 
7074cc021000-7074d0000000 ---p 00000000 00:00 0 
7074d3000000-7074d3ca8000 rw-p 00001000 103:02 61764735                  /home/uwe/.sdkman/candidates/java/21-amzn/lib/server/classes.jsa
7074d3ca8000-7074d4000000 ---p 00000000 00:00 0 
7074d4000000-7074d4030000 rw-p 00000000 00:00 0 
7074d4030000-7074d40b0000 rw-p 00000000 00:00 0 
7074d40b0000-7074d40f0000 rw-p 00000000 00:00 0 
7074d40f0000-7074d42d0000 rw-p 00000000 00:00 0 
7074d42d0000-707514000000 ---p 00000000 00:00 0 
707514000000-707514021000 rw-p 00000000 00:00 0 
707514021000-707518000000 ---p 00000000 00:00 0 
707518000000-707518021000 rw-p 00000000 00:00 0 
707518021000-70751c000000 ---p 00000000 00:00 0 
70751fc00000-70751fee1000 rw-p 00000000 00:00 0 
707520000000-707520021000 rw-p 00000000 00:00 0 
707520021000-707524000000 ---p 00000000 00:00 0 
707524000000-707524021000 rw-p 00000000 00:00 0 
707524021000-707528000000 ---p 00000000 00:00 0 
7075283fc000-7075283fd000 ---p 00000000 00:00 0 
7075283fd000-7075284fd000 rw-p 00000000 00:00 0 
7075284fd000-7075284fe000 ---p 00000000 00:00 0 
7075284fe000-7075285fe000 rw-p 00000000 00:00 0 
7075285fe000-7075285ff000 ---p 00000000 00:00 0 
7075285ff000-7075286ff000 rw-p 00000000 00:00 0 
7075286ff000-707528700000 ---p 00000000 00:00 0 
707528700000-707528800000 rw-p 00000000 00:00 0 
707528800000-707528805000 r-xp 00000000 103:02 61764718                  /home/uwe/.sdkman/candidates/java/21-amzn/lib/libmanagement_ext.so
707528805000-707528a05000 ---p 00005000 103:02 61764718                  /home/uwe/.sdkman/candidates/java/21-amzn/lib/libmanagement_ext.so
707528a05000-707528a06000 r--p 00005000 103:02 61764718                  /home/uwe/.sdkman/candidates/java/21-amzn/lib/libmanagement_ext.so
707528a06000-707528a07000 rw-p 00000000 00:00 0 
707528afd000-707528afe000 ---p 00000000 00:00 0 
707528afe000-707528bfe000 rw-p 00000000 00:00 0 
707528bfe000-707528bff000 ---p 00000000 00:00 0 
707528bff000-707528cff000 rw-p 00000000 00:00 0 
707528cff000-707528d00000 ---p 00000000 00:00 0 
707528d00000-707528e00000 rw-p 00000000 00:00 0 
707528e00000-707528e04000 r-xp 00000000 103:02 61764703                  /home/uwe/.sdkman/candidates/java/21-amzn/lib/libmanagement.so
707528e04000-707529003000 ---p 00004000 103:02 61764703                  /home/uwe/.sdkman/candidates/java/21-amzn/lib/libmanagement.so
707529003000-707529004000 r--p 00003000 103:02 61764703                  /home/uwe/.sdkman/candidates/java/21-amzn/lib/libmanagement.so
707529004000-707529005000 rw-p 00000000 00:00 0 
7075290fd000-7075290fe000 ---p 00000000 00:00 0 
7075290fe000-7075291fe000 rw-p 00000000 00:00 0 
7075291fe000-7075291ff000 ---p 00000000 00:00 0 
7075291ff000-7075292ff000 rw-p 00000000 00:00 0 
7075292ff000-707529300000 ---p 00000000 00:00 0 
707529300000-707529400000 rw-p 00000000 00:00 0 
707529400000-70752940d000 r-xp 00000000 103:02 61764694                  /home/uwe/.sdkman/candidates/java/21-amzn/lib/libverify.so
70752940d000-70752960c000 ---p 0000d000 103:02 61764694                  /home/uwe/.sdkman/candidates/java/21-amzn/lib/libverify.so
70752960c000-70752960e000 r--p 0000c000 103:02 61764694                  /home/uwe/.sdkman/candidates/java/21-amzn/lib/libverify.so
70752960e000-70752960f000 rw-p 00000000 00:00 0 
7075296fd000-7075296fe000 ---p 00000000 00:00 0 
7075296fe000-7075297fe000 rw-p 00000000 00:00 0 
7075297fe000-7075297ff000 ---p 00000000 00:00 0 
7075297ff000-7075298ff000 rw-p 00000000 00:00 0 
7075298ff000-707529900000 ---p 00000000 00:00 0 
707529900000-707529a00000 rw-p 00000000 00:00 0 
707529a00000-707529a0b000 r-xp 00000000 103:02 61764698                  /home/uwe/.sdkman/candidates/java/21-amzn/lib/libnet.so
707529a0b000-707529c0a000 ---p 0000b000 103:02 61764698                  /home/uwe/.sdkman/candidates/java/21-amzn/lib/libnet.so
707529c0a000-707529c0b000 r--p 0000a000 103:02 61764698                  /home/uwe/.sdkman/candidates/java/21-amzn/lib/libnet.so
707529c0b000-707529c0c000 rw-p 00000000 00:00 0 
707529cff000-707529d00000 ---p 00000000 00:00 0 
707529d00000-707529e00000 rw-p 00000000 00:00 0 
707529e00000-707529e04000 ---p 00000000 00:00 0 
707529e04000-707529f00000 rw-p 00000000 00:00 0 
707529f00000-707529f04000 ---p 00000000 00:00 0 
707529f04000-70752a000000 rw-p 00000000 00:00 0 
70752a000000-70752a012000 r-xp 00000000 103:02 61764708                  /home/uwe/.sdkman/candidates/java/21-amzn/lib/libnio.so
70752a012000-70752a212000 ---p 00012000 103:02 61764708                  /home/uwe/.sdkman/candidates/java/21-amzn/lib/libnio.so
70752a212000-70752a213000 r--p 00012000 103:02 61764708                  /home/uwe/.sdkman/candidates/java/21-amzn/lib/libnio.so
70752a213000-70752a214000 rw-p 00013000 103:02 61764708                  /home/uwe/.sdkman/candidates/java/21-amzn/lib/libnio.so
70752a300000-70752a304000 ---p 00000000 00:00 0 
70752a304000-70752a400000 rw-p 00000000 00:00 0 
70752a400000-70752a404000 ---p 00000000 00:00 0 
70752a404000-70752a500000 rw-p 00000000 00:00 0 
70752a500000-70752a504000 ---p 00000000 00:00 0 
70752a504000-70752a600000 rw-p 00000000 00:00 0 
70752a600000-70752a607000 r-xp 00000000 103:02 61764724                  /home/uwe/.sdkman/candidates/java/21-amzn/lib/libzip.so
70752a607000-70752a806000 ---p 00007000 103:02 61764724                  /home/uwe/.sdkman/candidates/java/21-amzn/lib/libzip.so
70752a806000-70752a807000 r--p 00006000 103:02 61764724                  /home/uwe/.sdkman/candidates/java/21-amzn/lib/libzip.so
70752a807000-70752a808000 rw-p 00000000 00:00 0 
70752a900000-70752a904000 ---p 00000000 00:00 0 
70752a904000-70752aa00000 rw-p 00000000 00:00 0 
70752aa00000-70752aa04000 ---p 00000000 00:00 0 
70752aa04000-70752ab00000 rw-p 00000000 00:00 0 
70752ab00000-70752ab04000 ---p 00000000 00:00 0 
70752ab04000-70752ac00000 rw-p 00000000 00:00 0 
70752ac00000-70752acce000 r-xp 00000000 103:02 61764730                  /home/uwe/.sdkman/candidates/java/21-amzn/lib/libjsvml.so
70752acce000-70752aecd000 ---p 000ce000 103:02 61764730                  /home/uwe/.sdkman/candidates/java/21-amzn/lib/libjsvml.so
70752aecd000-70752aece000 r--p 000cd000 103:02 61764730                  /home/uwe/.sdkman/candidates/java/21-amzn/lib/libjsvml.so
70752aece000-70752aecf000 rw-p 000ce000 103:02 61764730                  /home/uwe/.sdkman/candidates/java/21-amzn/lib/libjsvml.so
70752af00000-70752af04000 ---p 00000000 00:00 0 
70752af04000-70752b000000 rw-p 00000000 00:00 0 
70752b000000-70752b004000 ---p 00000000 00:00 0 
70752b004000-70752b100000 rw-p 00000000 00:00 0 
70752b100000-70752b104000 ---p 00000000 00:00 0 
70752b104000-70752b200000 rw-p 00000000 00:00 0 
70752b200000-70752bfec000 r--p 00000000 103:02 9574296                   /usr/lib/locale/locale-archive
70752c000000-70752c021000 rw-p 00000000 00:00 0 
70752c021000-707530000000 ---p 00000000 00:00 0 
7075300ed000-7075300f1000 ---p 00000000 00:00 0 
7075300f1000-7075301ed000 rw-p 00000000 00:00 0 
7075301ed000-7075301f1000 ---p 00000000 00:00 0 
7075301f1000-7075302ed000 rw-p 00000000 00:00 0 
7075302ed000-7075302f1000 ---p 00000000 00:00 0 
7075302f1000-7075303ed000 rw-p 00000000 00:00 0 
7075303ed000-7075303f1000 ---p 00000000 00:00 0 
7075303f1000-7075304ed000 rw-p 00000000 00:00 0 
7075304ed000-7075304f1000 ---p 00000000 00:00 0 
7075304f1000-7075305ed000 rw-p 00000000 00:00 0 
7075305ed000-7075305f1000 ---p 00000000 00:00 0 
7075305f1000-7075306ed000 rw-p 00000000 00:00 0 
7075306ed000-7075306f1000 ---p 00000000 00:00 0 
7075306f1000-7075307ed000 rw-p 00000000 00:00 0 
7075307ed000-7075307f1000 ---p 00000000 00:00 0 
7075307f1000-7075308ed000 rw-p 00000000 00:00 0 
7075308ed000-7075308ee000 ---p 00000000 00:00 0 
7075308ee000-7075309ee000 rw-p 00000000 00:00 0 
7075309ee000-7075309ef000 ---p 00000000 00:00 0 
7075309ef000-707530aef000 rw-p 00000000 00:00 0 
707530aef000-707530af0000 ---p 00000000 00:00 0 
707530af0000-707530bf0000 rw-p 00000000 00:00 0 
707530bf0000-707530bf1000 ---p 00000000 00:00 0 
707530bf1000-707530cf1000 rw-p 00000000 00:00 0 
707530cf1000-707533c00000 rw-p 00000000 00:00 0 
707533cfd000-707533cfe000 ---p 00000000 00:00 0 
707533cfe000-707533dfe000 rw-p 00000000 00:00 0 
707533dfe000-707533dff000 ---p 00000000 00:00 0 
707533dff000-707533eff000 rw-p 00000000 00:00 0 
707533eff000-707533f00000 ---p 00000000 00:00 0 
707533f00000-707534000000 rw-p 00000000 00:00 0 
707534000000-707534fa0000 rw-p 00000000 00:00 0 
707534fa0000-7075439c0000 ---p 00000000 00:00 0 
7075439c0000-7075439e0000 rw-p 00000000 00:00 0 
707543a00000-707543bf4000 rw-p 00000000 00:00 0 
707543bf4000-707545938000 ---p 00000000 00:00 0 
707545938000-70754593c000 rw-p 00000000 00:00 0 
707545a00000-707545bf4000 rw-p 00000000 00:00 0 
707545bf4000-707547938000 ---p 00000000 00:00 0 
707547938000-70754793c000 rw-p 00000000 00:00 0 
707547a01000-707547c00000 rw-p 00000000 00:00 0 
707547c00000-707548420000 rwxp 00000000 00:00 0 
707548420000-70754f05f000 ---p 00000000 00:00 0 
70754f05f000-70754f38f000 rwxp 00000000 00:00 0 
70754f38f000-70754f7a0000 ---p 00000000 00:00 0 
70754f7a0000-70754fad0000 rwxp 00000000 00:00 0 
70754fad0000-707556c00000 ---p 00000000 00:00 0 
707556c00000-707556c20000 r-xp 00000000 103:02 61764742                  /home/uwe/.sdkman/candidates/java/21-amzn/lib/libjava.so
707556c20000-707556e1f000 ---p 00020000 103:02 61764742                  /home/uwe/.sdkman/candidates/java/21-amzn/lib/libjava.so
707556e1f000-707556e20000 r--p 0001f000 103:02 61764742                  /home/uwe/.sdkman/candidates/java/21-amzn/lib/libjava.so
707556e20000-707556e21000 rw-p 00020000 103:02 61764742                  /home/uwe/.sdkman/candidates/java/21-amzn/lib/libjava.so
707556e21000-707556e22000 rw-p 00000000 00:00 0 
707556efd000-707557200000 rw-p 00000000 00:00 0 
707557200000-70755720a000 r-xp 00000000 103:02 61764706                  /home/uwe/.sdkman/candidates/java/21-amzn/lib/libinstrument.so
70755720a000-707557409000 ---p 0000a000 103:02 61764706                  /home/uwe/.sdkman/candidates/java/21-amzn/lib/libinstrument.so
707557409000-70755740a000 r--p 00009000 103:02 61764706                  /home/uwe/.sdkman/candidates/java/21-amzn/lib/libinstrument.so
70755740a000-70755740b000 rw-p 0000a000 103:02 61764706                  /home/uwe/.sdkman/candidates/java/21-amzn/lib/libinstrument.so
7075574fd000-707557800000 rw-p 00000000 00:00 0 
707557800000-70755ff25000 r--s 00000000 103:02 61764716                  /home/uwe/.sdkman/candidates/java/21-amzn/lib/modules
707560000000-707560d42000 rw-p 00000000 00:00 0 
707560d42000-707564000000 ---p 00000000 00:00 0 
7075640fd000-707564400000 rw-p 00000000 00:00 0 
707564400000-70756441b000 r-xp 00000000 103:02 61764721                  /home/uwe/.sdkman/candidates/java/21-amzn/lib/libjimage.so
70756441b000-70756461a000 ---p 0001b000 103:02 61764721                  /home/uwe/.sdkman/candidates/java/21-amzn/lib/libjimage.so
70756461a000-70756461c000 r--p 0001a000 103:02 61764721                  /home/uwe/.sdkman/candidates/java/21-amzn/lib/libjimage.so
70756461c000-70756461d000 rw-p 0001c000 103:02 61764721                  /home/uwe/.sdkman/candidates/java/21-amzn/lib/libjimage.so
707564621000-707564a00000 rw-p 00000000 00:00 0 
707564a00000-707565e49000 r-xp 00000000 103:02 61764737                  /home/uwe/.sdkman/candidates/java/21-amzn/lib/server/libjvm.so
707565e49000-707566049000 ---p 01449000 103:02 61764737                  /home/uwe/.sdkman/candidates/java/21-amzn/lib/server/libjvm.so
707566049000-707566119000 r--p 01449000 103:02 61764737                  /home/uwe/.sdkman/candidates/java/21-amzn/lib/server/libjvm.so
707566119000-707566149000 rw-p 01519000 103:02 61764737                  /home/uwe/.sdkman/candidates/java/21-amzn/lib/server/libjvm.so
707566149000-7075661ae000 rw-p 00000000 00:00 0 
7075661bd000-707566400000 rw-p 00000000 00:00 0 
707566400000-707566428000 r--p 00000000 103:02 9583658                   /usr/lib/x86_64-linux-gnu/libc.so.6
707566428000-7075665b0000 r-xp 00028000 103:02 9583658                   /usr/lib/x86_64-linux-gnu/libc.so.6
7075665b0000-7075665ff000 r--p 001b0000 103:02 9583658                   /usr/lib/x86_64-linux-gnu/libc.so.6
7075665ff000-707566603000 r--p 001fe000 103:02 9583658                   /usr/lib/x86_64-linux-gnu/libc.so.6
707566603000-707566605000 rw-p 00202000 103:02 9583658                   /usr/lib/x86_64-linux-gnu/libc.so.6
707566605000-707566612000 rw-p 00000000 00:00 0 
707566627000-70756662e000 r--s 00000000 103:02 9585410                   /usr/lib/x86_64-linux-gnu/gconv/gconv-modules.cache
70756662e000-707566635000 rw-p 00000000 00:00 0 
707566635000-707566717000 ---p 00000000 00:00 0 
707566717000-707566728000 rw-p 00000000 00:00 0 
707566728000-707566800000 ---p 00000000 00:00 0 
707566800000-70756680f000 r-xp 00000000 103:02 61764711                  /home/uwe/.sdkman/candidates/java/21-amzn/lib/libjli.so
70756680f000-707566a0f000 ---p 0000f000 103:02 61764711                  /home/uwe/.sdkman/candidates/java/21-amzn/lib/libjli.so
707566a0f000-707566a10000 r--p 0000f000 103:02 61764711                  /home/uwe/.sdkman/candidates/java/21-amzn/lib/libjli.so
707566a10000-707566a11000 rw-p 00010000 103:02 61764711                  /home/uwe/.sdkman/candidates/java/21-amzn/lib/libjli.so
707566a16000-707566ad9000 rw-p 00000000 00:00 0 
707566ad9000-707566ae1000 ---p 00000000 00:00 0 
707566ae1000-707566ae5000 ---p 00000000 00:00 0 
707566ae5000-707566be1000 rw-p 00000000 00:00 0 
707566be1000-707566bf1000 r--p 00000000 103:02 9584001                   /usr/lib/x86_64-linux-gnu/libm.so.6
707566bf1000-707566c70000 r-xp 00010000 103:02 9584001                   /usr/lib/x86_64-linux-gnu/libm.so.6
707566c70000-707566cc8000 r--p 0008f000 103:02 9584001                   /usr/lib/x86_64-linux-gnu/libm.so.6
707566cc8000-707566cc9000 r--p 000e7000 103:02 9584001                   /usr/lib/x86_64-linux-gnu/libm.so.6
707566cc9000-707566cca000 rw-p 000e8000 103:02 9584001                   /usr/lib/x86_64-linux-gnu/libm.so.6
707566cca000-707566ccb000 r--p 00000000 103:02 9584190                   /usr/lib/x86_64-linux-gnu/librt.so.1
707566ccb000-707566ccc000 r-xp 00001000 103:02 9584190                   /usr/lib/x86_64-linux-gnu/librt.so.1
707566ccc000-707566ccd000 r--p 00002000 103:02 9584190                   /usr/lib/x86_64-linux-gnu/librt.so.1
707566ccd000-707566cce000 r--p 00002000 103:02 9584190                   /usr/lib/x86_64-linux-gnu/librt.so.1
707566cce000-707566ccf000 rw-p 00003000 103:02 9584190                   /usr/lib/x86_64-linux-gnu/librt.so.1
707566ccf000-707566cd3000 rw-p 00000000 00:00 0 
707566cd3000-707566cd4000 r--p 00000000 103:02 9583724                   /usr/lib/x86_64-linux-gnu/libdl.so.2
707566cd4000-707566cd5000 r-xp 00001000 103:02 9583724                   /usr/lib/x86_64-linux-gnu/libdl.so.2
707566cd5000-707566cd6000 r--p 00002000 103:02 9583724                   /usr/lib/x86_64-linux-gnu/libdl.so.2
707566cd6000-707566cd7000 r--p 00002000 103:02 9583724                   /usr/lib/x86_64-linux-gnu/libdl.so.2
707566cd7000-707566cd8000 rw-p 00003000 103:02 9583724                   /usr/lib/x86_64-linux-gnu/libdl.so.2
707566cd8000-707566cd9000 r--p 00000000 103:02 9584162                   /usr/lib/x86_64-linux-gnu/libpthread.so.0
707566cd9000-707566cda000 r-xp 00001000 103:02 9584162                   /usr/lib/x86_64-linux-gnu/libpthread.so.0
707566cda000-707566cdb000 r--p 00002000 103:02 9584162                   /usr/lib/x86_64-linux-gnu/libpthread.so.0
707566cdb000-707566cdc000 r--p 00002000 103:02 9584162                   /usr/lib/x86_64-linux-gnu/libpthread.so.0
707566cdc000-707566cdd000 rw-p 00003000 103:02 9584162                   /usr/lib/x86_64-linux-gnu/libpthread.so.0
707566cdd000-707566cdf000 r--p 00000000 103:02 9584389                   /usr/lib/x86_64-linux-gnu/libz.so.1.3
707566cdf000-707566cf1000 r-xp 00002000 103:02 9584389                   /usr/lib/x86_64-linux-gnu/libz.so.1.3
707566cf1000-707566cf7000 r--p 00014000 103:02 9584389                   /usr/lib/x86_64-linux-gnu/libz.so.1.3
707566cf7000-707566cf8000 r--p 0001a000 103:02 9584389                   /usr/lib/x86_64-linux-gnu/libz.so.1.3
707566cf8000-707566cf9000 rw-p 0001b000 103:02 9584389                   /usr/lib/x86_64-linux-gnu/libz.so.1.3
707566cff000-707566d00000 r--s 00000000 103:02 24117646                  /tmp/mockitoboot11321259884668253961.jar
707566d00000-707566d08000 rw-s 00000000 103:02 24117638                  /tmp/hsperfdata_uwe/232357
707566d08000-707566d09000 ---p 00000000 00:00 0 
707566d09000-707566d0a000 r--p 00000000 00:00 0 
707566d0a000-707566d0b000 ---p 00000000 00:00 0 
707566d0b000-707566d0d000 rw-p 00000000 00:00 0 
707566d0d000-707566d0e000 r--p 00000000 103:02 9583470                   /usr/lib/x86_64-linux-gnu/ld-linux-x86-64.so.2
707566d0e000-707566d39000 r-xp 00001000 103:02 9583470                   /usr/lib/x86_64-linux-gnu/ld-linux-x86-64.so.2
707566d39000-707566d43000 r--p 0002c000 103:02 9583470                   /usr/lib/x86_64-linux-gnu/ld-linux-x86-64.so.2
707566d43000-707566d45000 r--p 00036000 103:02 9583470                   /usr/lib/x86_64-linux-gnu/ld-linux-x86-64.so.2
707566d45000-707566d47000 rw-p 00038000 103:02 9583470                   /usr/lib/x86_64-linux-gnu/ld-linux-x86-64.so.2
7ffcb24a7000-7ffcb24c8000 rw-p 00000000 00:00 0                          [stack]
7ffcb2575000-7ffcb2579000 r--p 00000000 00:00 0                          [vvar]
7ffcb2579000-7ffcb257b000 r-xp 00000000 00:00 0                          [vdso]
ffffffffff600000-ffffffffff601000 --xp 00000000 00:00 0                  [vsyscall]
Total number of mappings: 314


VM Arguments:
jvm_args: -javaagent:/home/uwe/.m2/repository/org/jacoco/org.jacoco.agent/0.8.12/org.jacoco.agent-0.8.12-runtime.jar=destfile=/home/uwe/idea/factcast/factcast-factus/target/jacoco/jacoco-unit-tests.exec,excludes=**/*Configuration.*:**/*Properties.*:**/org/factcast/example/**/*:**/org/factcast/example/*:**/org/factcast/grpc/api/gen/**:**/org/factcast/client/grpc/cli/**:**/org/factcast/store/test/**:**/*Application.*:**/*Exception.*:**/gen/*:**/generated/* -javaagent:/home/uwe/.m2/repository/org/mockito/mockito-core/5.14.2/mockito-core-5.14.2.jar 
java_command: /home/uwe/idea/factcast/factcast-factus/target/surefire/surefirebooter-20241218103400947_9.jar /home/uwe/idea/factcast/factcast-factus/target/surefire 2024-12-18T10-33-53_347-jvmRun1 surefire-20241218103400947_7tmp surefire_1-20241218103400947_8tmp
java_class_path (initial): /home/uwe/idea/factcast/factcast-factus/target/surefire/surefirebooter-20241218103400947_9.jar
Launcher Type: SUN_STANDARD

[Global flags]
     intx CICompilerCount                          = 12                                        {product} {ergonomic}
     uint ConcGCThreads                            = 4                                         {product} {ergonomic}
     uint G1ConcRefinementThreads                  = 15                                        {product} {ergonomic}
   size_t G1HeapRegionSize                         = 8388608                                   {product} {ergonomic}
    uintx GCDrainStackTargetSize                   = 64                                        {product} {ergonomic}
   size_t InitialHeapSize                          = 1048576000                                {product} {ergonomic}
   size_t MarkStackSize                            = 4194304                                   {product} {ergonomic}
   size_t MaxHeapSize                              = 16768827392                               {product} {ergonomic}
   size_t MaxNewSize                               = 10057940992                               {product} {ergonomic}
   size_t MinHeapDeltaBytes                        = 8388608                                   {product} {ergonomic}
   size_t MinHeapSize                              = 8388608                                   {product} {ergonomic}
    uintx NonNMethodCodeHeapSize                   = 7602480                                {pd product} {ergonomic}
    uintx NonProfiledCodeHeapSize                  = 122027880                              {pd product} {ergonomic}
    uintx ProfiledCodeHeapSize                     = 122027880                              {pd product} {ergonomic}
    uintx ReservedCodeCacheSize                    = 251658240                              {pd product} {ergonomic}
     bool SegmentedCodeCache                       = true                                      {product} {ergonomic}
   size_t SoftMaxHeapSize                          = 16768827392                            {manageable} {ergonomic}
     bool UseCompressedOops                        = true                           {product lp64_product} {ergonomic}
     bool UseG1GC                                  = true                                      {product} {ergonomic}

Logging:
Log output configuration:
 #0: stdout all=warning uptime,level,tags foldmultilines=false
 #1: stderr all=off uptime,level,tags foldmultilines=false

Environment Variables:
JAVA_HOME=/home/uwe/.sdkman/candidates/java/21-amzn
PATH=/home/uwe/.linuxbrew/bin:/home/uwe/bin:/home/uwe/private/work/bin:/home/uwe/.sdkman/candidates/mvnd/current/bin:/home/uwe/.sdkman/candidates/maven/current/bin:/home/uwe/.sdkman/candidates/kscript/current/bin:/home/uwe/.sdkman/candidates/kotlin/current/bin:/home/uwe/.sdkman/candidates/java/21-amzn/bin:/home/uwe/.sdkman/candidates/gradle/current/bin:/home/uwe/.local/bin:/home/uwe/bin:/usr/local/sbin:/usr/local/bin:/usr/sbin:/usr/bin:/sbin:/bin:/usr/games:/usr/local/games:/snap/bin:/snap/bin:/home/uwe/.local/share/JetBrains/Toolbox/scripts
USERNAME=uwe
SHELL=/bin/bash
DISPLAY=:1
LANG=en_US.UTF-8
TERM=xterm-256color

Active Locale:
LC_ALL=en_US.UTF-8
LC_COLLATE=en_US.UTF-8
LC_CTYPE=en_US.UTF-8
LC_MESSAGES=en_US.UTF-8
LC_MONETARY=en_US.UTF-8
LC_NUMERIC=en_US.UTF-8
LC_TIME=en_US.UTF-8

Signal Handlers:
   SIGSEGV: crash_handler in libjvm.so, mask=11100100010111111101111111111110, flags=SA_RESTART|SA_SIGINFO, unblocked
    SIGBUS: crash_handler in libjvm.so, mask=11100100010111111101111111111110, flags=SA_RESTART|SA_SIGINFO, unblocked
    SIGFPE: crash_handler in libjvm.so, mask=11100100010111111101111111111110, flags=SA_RESTART|SA_SIGINFO, unblocked
   SIGPIPE: javaSignalHandler in libjvm.so, mask=11100100010111111101111111111110, flags=SA_RESTART|SA_SIGINFO, blocked
   SIGXFSZ: javaSignalHandler in libjvm.so, mask=11100100010111111101111111111110, flags=SA_RESTART|SA_SIGINFO, blocked
    SIGILL: crash_handler in libjvm.so, mask=11100100010111111101111111111110, flags=SA_RESTART|SA_SIGINFO, unblocked
   SIGUSR2: SR_handler in libjvm.so, mask=00000000000000000000000000000000, flags=SA_RESTART|SA_SIGINFO, blocked
    SIGHUP: UserHandler in libjvm.so, mask=11100100010111111101111111111110, flags=SA_RESTART|SA_SIGINFO, blocked
    SIGINT: UserHandler in libjvm.so, mask=11100100010111111101111111111110, flags=SA_RESTART|SA_SIGINFO, blocked
   SIGTERM: UserHandler in libjvm.so, mask=11100100010111111101111111111110, flags=SA_RESTART|SA_SIGINFO, blocked
   SIGQUIT: UserHandler in libjvm.so, mask=11100100010111111101111111111110, flags=SA_RESTART|SA_SIGINFO, blocked
   SIGTRAP: crash_handler in libjvm.so, mask=11100100010111111101111111111110, flags=SA_RESTART|SA_SIGINFO, unblocked


---------------  S Y S T E M  ---------------

OS:
DISTRIB_ID=Ubuntu
DISTRIB_RELEASE=24.04
DISTRIB_CODENAME=noble
DISTRIB_DESCRIPTION="Ubuntu 24.04.1 LTS"
uname: Linux 6.8.0-50-generic #51-Ubuntu SMP PREEMPT_DYNAMIC Sat Nov  9 17:58:29 UTC 2024 x86_64
OS uptime: 2 days 2:13 hours
libc: glibc 2.39 NPTL 2.39 
rlimit (soft/hard): STACK 8192k/infinity , CORE 0k/infinity , NPROC 255542/255542 , NOFILE 1048576/1048576 , AS infinity/infinity , CPU infinity/infinity , DATA infinity/infinity , FSIZE infinity/infinity , MEMLOCK 8186276k/8186276k
load average: 3.85 2.28 1.46

/proc/meminfo:
MemTotal:       65490220 kB
MemFree:        20059076 kB
MemAvailable:   41028796 kB
Buffers:          576120 kB
Cached:         23626380 kB
SwapCached:            0 kB
Active:         23439500 kB
Inactive:       15469264 kB
Active(anon):   18829152 kB
Inactive(anon):        0 kB
Active(file):    4610348 kB
Inactive(file): 15469264 kB
Unevictable:     3541596 kB
Mlocked:            1068 kB
SwapTotal:       8388604 kB
SwapFree:        8388604 kB
Zswap:                 0 kB
Zswapped:              0 kB
Dirty:              2864 kB
Writeback:             0 kB
AnonPages:      18248240 kB
Mapped:          3507232 kB
Shmem:           4122884 kB
KReclaimable:    1617236 kB
Slab:            2239292 kB
SReclaimable:    1617236 kB
SUnreclaim:       622056 kB
KernelStack:       68096 kB
PageTables:       201708 kB
SecPageTables:         0 kB
NFS_Unstable:          0 kB
Bounce:                0 kB
WritebackTmp:          0 kB
CommitLimit:    41133712 kB
Committed_AS:   105543016 kB
VmallocTotal:   34359738367 kB
VmallocUsed:      181352 kB
VmallocChunk:          0 kB
Percpu:            28000 kB
HardwareCorrupted:     0 kB
AnonHugePages:         0 kB
ShmemHugePages:  3364864 kB
ShmemPmdMapped:        0 kB
FileHugePages:         0 kB
FilePmdMapped:         0 kB
Unaccepted:            0 kB
HugePages_Total:       0
HugePages_Free:        0
HugePages_Rsvd:        0
HugePages_Surp:        0
Hugepagesize:       2048 kB
Hugetlb:               0 kB
DirectMap4k:     1288380 kB
DirectMap2M:    39251968 kB
DirectMap1G:    27262976 kB

/sys/kernel/mm/transparent_hugepage/enabled: always [madvise] never
/sys/kernel/mm/transparent_hugepage/defrag (defrag/compaction efforts parameter): always defer defer+madvise [madvise] never

Process Memory:
Virtual Size: 21077220K (peak: 21077220K)
Resident Set Size: 317712K (peak: 317712K) (anon: 294640K, file: 23072K, shmem: 0K)
Swapped out: 0K
C-Heap outstanding allocations: 103659K, retained: 47460K
glibc malloc tunables: (default)

/proc/sys/kernel/threads-max (system-wide limit on the number of threads): 511085
/proc/sys/vm/max_map_count (maximum number of memory map areas a process may have): 1048576
/proc/sys/kernel/pid_max (system-wide limit on number of process identifiers): 4194304

container (cgroup) information:
container_type: cgroupv2
cpu_cpuset_cpus: not supported
cpu_memory_nodes: not supported
active_processor_count: 20
cpu_quota: not supported
cpu_period: not supported
cpu_shares: not supported
memory_limit_in_bytes: unlimited
memory_and_swap_limit_in_bytes: unlimited
memory_soft_limit_in_bytes: unlimited
memory_usage_in_bytes: 1289076 k
memory_max_usage_in_bytes: not supported
memory_swap_current_in_bytes: unlimited
memory_swap_max_limit_in_bytes: unlimited
maximum number of tasks: 76662
current number of tasks: 91

Steal ticks since vm start: 0
Steal ticks percentage since vm start:  0.000

CPU: total 20 (initial active 20) (20 cores per cpu, 1 threads per core) family 6 model 186 stepping 2 microcode 0x4123, cx8, cmov, fxsr, mmx, 3dnowpref, sse, sse2, sse3, ssse3, sse4.1, sse4.2, popcnt, lzcnt, tsc, tscinvbit, avx, avx2, aes, erms, clmul, bmi1, bmi2, adx, sha, fma, vzeroupper, clflush, clflushopt, clwb, serialize, rdtscp, rdpid, fsrm, f16c, pku, ospke, cet_ibt, cet_ss
CPU Model and flags from /proc/cpuinfo:
model name	: 13th Gen Intel(R) Core(TM) i9-13900H
flags		: fpu vme de pse tsc msr pae mce cx8 apic sep mtrr pge mca cmov pat pse36 clflush dts acpi mmx fxsr sse sse2 ss ht tm pbe syscall nx pdpe1gb rdtscp lm constant_tsc art arch_perfmon pebs bts rep_good nopl xtopology nonstop_tsc cpuid aperfmperf tsc_known_freq pni pclmulqdq dtes64 monitor ds_cpl smx est tm2 ssse3 sdbg fma cx16 xtpr pdcm pcid sse4_1 sse4_2 x2apic movbe popcnt tsc_deadline_timer aes xsave avx f16c rdrand lahf_lm abm 3dnowprefetch cpuid_fault epb ssbd ibrs ibpb stibp ibrs_enhanced fsgsbase tsc_adjust bmi1 avx2 smep bmi2 erms invpcid rdseed adx smap clflushopt clwb intel_pt sha_ni xsaveopt xsavec xgetbv1 xsaves split_lock_detect user_shstk avx_vnni dtherm ida arat pln pts hwp hwp_notify hwp_act_window hwp_epp hwp_pkg_req hfi umip pku ospke waitpkg gfni vaes vpclmulqdq tme rdpid movdiri movdir64b fsrm md_clear serialize pconfig arch_lbr ibt flush_l1d arch_capabilities

Online cpus: 0-19
Offline cpus: 
BIOS frequency limitation: <Not Available>
Frequency switch latency (ns): 0
Available cpu frequencies: <Not Available>
Current governor: powersave
Core performance/turbo boost: <Not Available>

Memory: 4k page, physical 65490220k(41028796k free), swap 8388604k(8388604k free)
Page Sizes: 4k

vm_info: OpenJDK 64-Bit Server VM (21+35-LTS) for linux-amd64 JRE (21+35-LTS), built on 2023-08-24T04:17:39Z by "jenkins" with gcc 7.3.1 20180303 (Red Hat 7.3.1-5)

END.
